{"__type":"$$EventMessageAudit","id":"6a23dc77-09fd-4779-91f7-d9f59db1b625","ts":"2026-06-27T21:58:41.899+05:30","eventName":"n8n.audit.workflow.executed","message":"n8n.audit.workflow.executed","payload":{"userId":"08b17f02-b46c-4051-b17f-7819dfec7217","_email":"hichauhan.in@gmail.com","_firstName":"Himanshu","_lastName":"Chauhan","globalRole":"global:owner","workflowId":"2Yn2cUTn5kHz1TwR","workflowName":"1 - Ingest","executionId":"41","source":"user-manual"}}
{"__type":"$$EventMessageConfirm","confirm":"6a23dc77-09fd-4779-91f7-d9f59db1b625","ts":"2026-06-27T21:58:41.899+05:30","source":{"id":"0","name":"eventBus"}}
{"__type":"$$EventMessageWorkflow","id":"5817757a-4371-41d4-9ba4-9ecc7b5455b8","ts":"2026-06-27T21:58:41.910+05:30","eventName":"n8n.workflow.started","message":"n8n.workflow.started","payload":{"executionId":"41","workflowId":"2Yn2cUTn5kHz1TwR","isManual":false,"mode":"manual","workflowName":"1 - Ingest","projectId":"0vysnRUpMYPI6Xcr","projectName":"Himanshu Chauhan <hichauhan.in@gmail.com>"}}
{"__type":"$$EventMessageConfirm","confirm":"5817757a-4371-41d4-9ba4-9ecc7b5455b8","ts":"2026-06-27T21:58:41.910+05:30","source":{"id":"0","name":"eventBus"}}
{"__type":"$$EventMessageNode","id":"7d60f549-1e2c-41a9-b84d-dd4ef2b2b934","ts":"2026-06-27T21:58:41.917+05:30","eventName":"n8n.node.started","message":"n8n.node.started","payload":{"workflowId":"2Yn2cUTn5kHz1TwR","workflowName":"1 - Ingest","executionId":"41","nodeType":"n8n-nodes-base.manualTrigger","nodeName":"Manual Start","nodeId":"5e6aaec7-c389-4d53-90fd-dd561a5b0366"}}
{"__type":"$$EventMessageConfirm","confirm":"7d60f549-1e2c-41a9-b84d-dd4ef2b2b934","ts":"2026-06-27T21:58:41.917+05:30","source":{"id":"0","name":"eventBus"}}
{"__type":"$$EventMessageNode","id":"68939c4e-dbd5-4236-a394-a5c8ada2dc50","ts":"2026-06-27T21:58:41.919+05:30","eventName":"n8n.node.finished","message":"n8n.node.finished","payload":{"workflowId":"2Yn2cUTn5kHz1TwR","workflowName":"1 - Ingest","executionId":"41","nodeType":"n8n-nodes-base.manualTrigger","nodeName":"Manual Start","nodeId":"5e6aaec7-c389-4d53-90fd-dd561a5b0366"}}
{"__type":"$$EventMessageConfirm","confirm":"68939c4e-dbd5-4236-a394-a5c8ada2dc50","ts":"2026-06-27T21:58:41.919+05:30","source":{"id":"0","name":"eventBus"}}
{"__type":"$$EventMessageNode","id":"dad95cc4-5fe0-4abd-a93e-00e76dd31cd0","ts":"2026-06-27T21:58:41.920+05:30","eventName":"n8n.node.started","message":"n8n.node.started","payload":{"workflowId":"2Yn2cUTn5kHz1TwR","workflowName":"1 - Ingest","executionId":"41","nodeType":"n8n-nodes-base.httpRequest","nodeName":"Claim Clip","nodeId":"dffdb19b-7427-4b9e-8dc7-9d60569cb8c1"}}
{"__type":"$$EventMessageConfirm","confirm":"dad95cc4-5fe0-4abd-a93e-00e76dd31cd0","ts":"2026-06-27T21:58:41.920+05:30","source":{"id":"0","name":"eventBus"}}
{"__type":"$$EventMessageNode","id":"160204a8-198c-4ec8-93da-45556790d094","ts":"2026-06-27T21:58:41.946+05:30","eventName":"n8n.node.finished","message":"n8n.node.finished","payload":{"workflowId":"2Yn2cUTn5kHz1TwR","workflowName":"1 - Ingest","executionId":"41","nodeType":"n8n-nodes-base.httpRequest","nodeName":"Claim Clip","nodeId":"dffdb19b-7427-4b9e-8dc7-9d60569cb8c1"}}
{"__type":"$$EventMessageConfirm","confirm":"160204a8-198c-4ec8-93da-45556790d094","ts":"2026-06-27T21:58:41.946+05:30","source":{"id":"0","name":"eventBus"}}
{"__type":"$$EventMessageNode","id":"7d672fe5-1900-4483-91bd-55053813445f","ts":"2026-06-27T21:58:41.946+05:30","eventName":"n8n.node.started","message":"n8n.node.started","payload":{"workflowId":"2Yn2cUTn5kHz1TwR","workflowName":"1 - Ingest","executionId":"41","nodeType":"n8n-nodes-base.if","nodeName":"Got a clip?","nodeId":"c3685f1f-9c4e-46ca-9232-372a4643a949"}}
{"__type":"$$EventMessageConfirm","confirm":"7d672fe5-1900-4483-91bd-55053813445f","ts":"2026-06-27T21:58:41.946+05:30","source":{"id":"0","name":"eventBus"}}
{"__type":"$$EventMessageNode","id":"abd5f8d8-018f-48fa-96e6-a30de3ed515a","ts":"2026-06-27T21:58:41.962+05:30","eventName":"n8n.node.finished","message":"n8n.node.finished","payload":{"workflowId":"2Yn2cUTn5kHz1TwR","workflowName":"1 - Ingest","executionId":"41","nodeType":"n8n-nodes-base.if","nodeName":"Got a clip?","nodeId":"c3685f1f-9c4e-46ca-9232-372a4643a949"}}
{"__type":"$$EventMessageConfirm","confirm":"abd5f8d8-018f-48fa-96e6-a30de3ed515a","ts":"2026-06-27T21:58:41.963+05:30","source":{"id":"0","name":"eventBus"}}
{"__type":"$$EventMessageNode","id":"d4737113-32ba-4423-859d-085aec12b936","ts":"2026-06-27T21:58:41.963+05:30","eventName":"n8n.node.started","message":"n8n.node.started","payload":{"workflowId":"2Yn2cUTn5kHz1TwR","workflowName":"1 - Ingest","executionId":"41","nodeType":"n8n-nodes-base.httpRequest","nodeName":"Probe","nodeId":"0a7641df-3f5c-49c5-bd04-79a99bf62ed7"}}
{"__type":"$$EventMessageConfirm","confirm":"d4737113-32ba-4423-859d-085aec12b936","ts":"2026-06-27T21:58:41.963+05:30","source":{"id":"0","name":"eventBus"}}
{"__type":"$$EventMessageNode","id":"5a76b92f-9886-4822-b378-bb7e0126c100","ts":"2026-06-27T21:58:42.300+05:30","eventName":"n8n.node.finished","message":"n8n.node.finished","payload":{"workflowId":"2Yn2cUTn5kHz1TwR","workflowName":"1 - Ingest","executionId":"41","nodeType":"n8n-nodes-base.httpRequest","nodeName":"Probe","nodeId":"0a7641df-3f5c-49c5-bd04-79a99bf62ed7"}}
{"__type":"$$EventMessageConfirm","confirm":"5a76b92f-9886-4822-b378-bb7e0126c100","ts":"2026-06-27T21:58:42.301+05:30","source":{"id":"0","name":"eventBus"}}
{"__type":"$$EventMessageNode","id":"096aea0b-5a3e-448a-93f1-c57cb865d30d","ts":"2026-06-27T21:58:42.301+05:30","eventName":"n8n.node.started","message":"n8n.node.started","payload":{"workflowId":"2Yn2cUTn5kHz1TwR","workflowName":"1 - Ingest","executionId":"41","nodeType":"n8n-nodes-base.set","nodeName":"Job Info","nodeId":"c6ead296-6dcf-4bc0-9621-26be44e3cf39"}}
{"__type":"$$EventMessageConfirm","confirm":"096aea0b-5a3e-448a-93f1-c57cb865d30d","ts":"2026-06-27T21:58:42.301+05:30","source":{"id":"0","name":"eventBus"}}
{"__type":"$$EventMessageNode","id":"92350e39-b373-4344-9a36-441a9819ece5","ts":"2026-06-27T21:58:42.324+05:30","eventName":"n8n.node.finished","message":"n8n.node.finished","payload":{"workflowId":"2Yn2cUTn5kHz1TwR","workflowName":"1 - Ingest","executionId":"41","nodeType":"n8n-nodes-base.set","nodeName":"Job Info","nodeId":"c6ead296-6dcf-4bc0-9621-26be44e3cf39"}}
{"__type":"$$EventMessageConfirm","confirm":"92350e39-b373-4344-9a36-441a9819ece5","ts":"2026-06-27T21:58:42.324+05:30","source":{"id":"0","name":"eventBus"}}
{"__type":"$$EventMessageNode","id":"c6938e80-7a30-4faa-a115-31bc08ae2c2b","ts":"2026-06-27T21:58:42.324+05:30","eventName":"n8n.node.started","message":"n8n.node.started","payload":{"workflowId":"2Yn2cUTn5kHz1TwR","workflowName":"1 - Ingest","executionId":"41","nodeType":"n8n-nodes-base.httpRequest","nodeName":"Find Best Moments","nodeId":"a1396e57-fe60-4e02-9e61-83b3311dc363"}}
{"__type":"$$EventMessageConfirm","confirm":"c6938e80-7a30-4faa-a115-31bc08ae2c2b","ts":"2026-06-27T21:58:42.324+05:30","source":{"id":"0","name":"eventBus"}}
{"__type":"$$EventMessageAudit","id":"6d05b88d-d944-4a83-8cf5-6ed2c98d0c71","ts":"2026-06-27T22:01:11.540+05:30","eventName":"n8n.audit.workflow.updated","message":"n8n.audit.workflow.updated","payload":{"userId":"08b17f02-b46c-4051-b17f-7819dfec7217","_email":"hichauhan.in@gmail.com","_firstName":"Himanshu","_lastName":"Chauhan","globalRole":"global:owner","workflowId":"2Yn2cUTn5kHz1TwR","workflowName":"1 - Ingest"}}
{"__type":"$$EventMessageConfirm","confirm":"6d05b88d-d944-4a83-8cf5-6ed2c98d0c71","ts":"2026-06-27T22:01:11.540+05:30","source":{"id":"0","name":"eventBus"}}
{"__type":"$$EventMessageAudit","id":"6f789117-61e0-4009-9353-d9150f69c1b4","ts":"2026-06-27T22:03:25.430+05:30","eventName":"n8n.audit.workflow.updated","message":"n8n.audit.workflow.updated","payload":{"userId":"08b17f02-b46c-4051-b17f-7819dfec7217","_email":"hichauhan.in@gmail.com","_firstName":"Himanshu","_lastName":"Chauhan","globalRole":"global:owner","workflowId":"2Yn2cUTn5kHz1TwR","workflowName":"1 - Ingest"}}
{"__type":"$$EventMessageConfirm","confirm":"6f789117-61e0-4009-9353-d9150f69c1b4","ts":"2026-06-27T22:03:25.430+05:30","source":{"id":"0","name":"eventBus"}}
{"__type":"$$EventMessageAudit","id":"69108a08-574d-4103-a70c-e8cf7733c1f6","ts":"2026-06-27T22:03:41.722+05:30","eventName":"n8n.audit.workflow.updated","message":"n8n.audit.workflow.updated","payload":{"userId":"08b17f02-b46c-4051-b17f-7819dfec7217","_email":"hichauhan.in@gmail.com","_firstName":"Himanshu","_lastName":"Chauhan","globalRole":"global:owner","workflowId":"2Yn2cUTn5kHz1TwR","workflowName":"1 - Ingest"}}
{"__type":"$$EventMessageConfirm","confirm":"69108a08-574d-4103-a70c-e8cf7733c1f6","ts":"2026-06-27T22:03:41.722+05:30","source":{"id":"0","name":"eventBus"}}
{"__type":"$$EventMessageNode","id":"98da0fe5-ae81-48eb-a7fd-264506e65869","ts":"2026-06-27T22:03:42.367+05:30","eventName":"n8n.node.finished","message":"n8n.node.finished","payload":{"workflowId":"2Yn2cUTn5kHz1TwR","workflowName":"1 - Ingest","executionId":"41","nodeType":"n8n-nodes-base.httpRequest","nodeName":"Find Best Moments","nodeId":"a1396e57-fe60-4e02-9e61-83b3311dc363"}}
{"__type":"$$EventMessageConfirm","confirm":"98da0fe5-ae81-48eb-a7fd-264506e65869","ts":"2026-06-27T22:03:42.367+05:30","source":{"id":"0","name":"eventBus"}}
{"__type":"$$EventMessageWorkflow","id":"062453da-5811-40e4-bcd7-756f2dada9de","ts":"2026-06-27T22:03:42.370+05:30","eventName":"n8n.workflow.failed","message":"n8n.workflow.failed","payload":{"userId":"08b17f02-b46c-4051-b17f-7819dfec7217","executionId":"41","success":false,"isManual":true,"mode":"manual","workflowId":"2Yn2cUTn5kHz1TwR","workflowName":"1 - Ingest","projectId":"0vysnRUpMYPI6Xcr","projectName":"Himanshu Chauhan <hichauhan.in@gmail.com>","lastNodeExecuted":"Find Best Moments","errorNodeType":"n8n-nodes-base.httpRequest","errorMessage":"The connection was aborted, perhaps the server is offline"}}
{"__type":"$$EventMessageConfirm","confirm":"062453da-5811-40e4-bcd7-756f2dada9de","ts":"2026-06-27T22:03:42.370+05:30","source":{"id":"0","name":"eventBus"}}
{"__type":"$$EventMessageAudit","id":"c246b41d-1437-4b1a-bb60-580decab62e9","ts":"2026-06-27T22:13:02.211+05:30","eventName":"n8n.audit.workflow.executed","message":"n8n.audit.workflow.executed","payload":{"userId":"08b17f02-b46c-4051-b17f-7819dfec7217","_email":"hichauhan.in@gmail.com","_firstName":"Himanshu","_lastName":"Chauhan","globalRole":"global:owner","workflowId":"2Yn2cUTn5kHz1TwR","workflowName":"1 - Ingest","executionId":"42","source":"user-manual"}}
{"__type":"$$EventMessageConfirm","confirm":"c246b41d-1437-4b1a-bb60-580decab62e9","ts":"2026-06-27T22:13:02.211+05:30","source":{"id":"0","name":"eventBus"}}
{"__type":"$$EventMessageWorkflow","id":"2b036cec-86c4-4a44-9379-507cf5ac2e58","ts":"2026-06-27T22:13:02.211+05:30","eventName":"n8n.workflow.started","message":"n8n.workflow.started","payload":{"executionId":"42","workflowId":"2Yn2cUTn5kHz1TwR","isManual":false,"mode":"manual","workflowName":"1 - Ingest","projectId":"0vysnRUpMYPI6Xcr","projectName":"Himanshu Chauhan <hichauhan.in@gmail.com>"}}
{"__type":"$$EventMessageConfirm","confirm":"2b036cec-86c4-4a44-9379-507cf5ac2e58","ts":"2026-06-27T22:13:02.211+05:30","source":{"id":"0","name":"eventBus"}}
{"__type":"$$EventMessageNode","id":"1887f8e5-8998-444a-b160-1099833363a3","ts":"2026-06-27T22:13:02.217+05:30","eventName":"n8n.node.started","message":"n8n.node.started","payload":{"workflowId":"2Yn2cUTn5kHz1TwR","workflowName":"1 - Ingest","executionId":"42","nodeType":"n8n-nodes-base.manualTrigger","nodeName":"Manual Start","nodeId":"5e6aaec7-c389-4d53-90fd-dd561a5b0366"}}
{"__type":"$$EventMessageConfirm","confirm":"1887f8e5-8998-444a-b160-1099833363a3","ts":"2026-06-27T22:13:02.217+05:30","source":{"id":"0","name":"eventBus"}}
{"__type":"$$EventMessageNode","id":"30733a27-4003-45f3-baa7-e1c0c237992f","ts":"2026-06-27T22:13:02.217+05:30","eventName":"n8n.node.finished","message":"n8n.node.finished","payload":{"workflowId":"2Yn2cUTn5kHz1TwR","workflowName":"1 - Ingest","executionId":"42","nodeType":"n8n-nodes-base.manualTrigger","nodeName":"Manual Start","nodeId":"5e6aaec7-c389-4d53-90fd-dd561a5b0366"}}
{"__type":"$$EventMessageConfirm","confirm":"30733a27-4003-45f3-baa7-e1c0c237992f","ts":"2026-06-27T22:13:02.217+05:30","source":{"id":"0","name":"eventBus"}}
{"__type":"$$EventMessageNode","id":"57ef1760-6ccd-4589-8824-0a6ea07362be","ts":"2026-06-27T22:13:02.218+05:30","eventName":"n8n.node.started","message":"n8n.node.started","payload":{"workflowId":"2Yn2cUTn5kHz1TwR","workflowName":"1 - Ingest","executionId":"42","nodeType":"n8n-nodes-base.httpRequest","nodeName":"Claim Clip","nodeId":"dffdb19b-7427-4b9e-8dc7-9d60569cb8c1"}}
{"__type":"$$EventMessageConfirm","confirm":"57ef1760-6ccd-4589-8824-0a6ea07362be","ts":"2026-06-27T22:13:02.218+05:30","source":{"id":"0","name":"eventBus"}}
{"__type":"$$EventMessageNode","id":"26b26953-e3d4-4172-b519-af39ba569b22","ts":"2026-06-27T22:13:02.230+05:30","eventName":"n8n.node.finished","message":"n8n.node.finished","payload":{"workflowId":"2Yn2cUTn5kHz1TwR","workflowName":"1 - Ingest","executionId":"42","nodeType":"n8n-nodes-base.httpRequest","nodeName":"Claim Clip","nodeId":"dffdb19b-7427-4b9e-8dc7-9d60569cb8c1"}}
{"__type":"$$EventMessageConfirm","confirm":"26b26953-e3d4-4172-b519-af39ba569b22","ts":"2026-06-27T22:13:02.230+05:30","source":{"id":"0","name":"eventBus"}}
{"__type":"$$EventMessageNode","id":"8945d792-f91a-40f8-af47-a31811574b80","ts":"2026-06-27T22:13:02.231+05:30","eventName":"n8n.node.started","message":"n8n.node.started","payload":{"workflowId":"2Yn2cUTn5kHz1TwR","workflowName":"1 - Ingest","executionId":"42","nodeType":"n8n-nodes-base.if","nodeName":"Got a clip?","nodeId":"c3685f1f-9c4e-46ca-9232-372a4643a949"}}
{"__type":"$$EventMessageConfirm","confirm":"8945d792-f91a-40f8-af47-a31811574b80","ts":"2026-06-27T22:13:02.231+05:30","source":{"id":"0","name":"eventBus"}}
{"__type":"$$EventMessageNode","id":"49ba57bb-c5a1-4ac9-9c66-93fbcaba1baa","ts":"2026-06-27T22:13:02.231+05:30","eventName":"n8n.node.finished","message":"n8n.node.finished","payload":{"workflowId":"2Yn2cUTn5kHz1TwR","workflowName":"1 - Ingest","executionId":"42","nodeType":"n8n-nodes-base.if","nodeName":"Got a clip?","nodeId":"c3685f1f-9c4e-46ca-9232-372a4643a949"}}
{"__type":"$$EventMessageConfirm","confirm":"49ba57bb-c5a1-4ac9-9c66-93fbcaba1baa","ts":"2026-06-27T22:13:02.231+05:30","source":{"id":"0","name":"eventBus"}}
{"__type":"$$EventMessageNode","id":"15296529-8eb5-4c5f-9252-4588ee4344df","ts":"2026-06-27T22:13:02.232+05:30","eventName":"n8n.node.started","message":"n8n.node.started","payload":{"workflowId":"2Yn2cUTn5kHz1TwR","workflowName":"1 - Ingest","executionId":"42","nodeType":"n8n-nodes-base.httpRequest","nodeName":"Probe","nodeId":"0a7641df-3f5c-49c5-bd04-79a99bf62ed7"}}
{"__type":"$$EventMessageConfirm","confirm":"15296529-8eb5-4c5f-9252-4588ee4344df","ts":"2026-06-27T22:13:02.232+05:30","source":{"id":"0","name":"eventBus"}}
{"__type":"$$EventMessageNode","id":"03cbc2bb-db20-4d86-a184-915a89767542","ts":"2026-06-27T22:13:02.298+05:30","eventName":"n8n.node.finished","message":"n8n.node.finished","payload":{"workflowId":"2Yn2cUTn5kHz1TwR","workflowName":"1 - Ingest","executionId":"42","nodeType":"n8n-nodes-base.httpRequest","nodeName":"Probe","nodeId":"0a7641df-3f5c-49c5-bd04-79a99bf62ed7"}}
{"__type":"$$EventMessageConfirm","confirm":"03cbc2bb-db20-4d86-a184-915a89767542","ts":"2026-06-27T22:13:02.298+05:30","source":{"id":"0","name":"eventBus"}}
{"__type":"$$EventMessageNode","id":"27813902-e729-4c49-aea3-53676f4102b2","ts":"2026-06-27T22:13:02.299+05:30","eventName":"n8n.node.started","message":"n8n.node.started","payload":{"workflowId":"2Yn2cUTn5kHz1TwR","workflowName":"1 - Ingest","executionId":"42","nodeType":"n8n-nodes-base.set","nodeName":"Job Info","nodeId":"c6ead296-6dcf-4bc0-9621-26be44e3cf39"}}
{"__type":"$$EventMessageConfirm","confirm":"27813902-e729-4c49-aea3-53676f4102b2","ts":"2026-06-27T22:13:02.299+05:30","source":{"id":"0","name":"eventBus"}}
{"__type":"$$EventMessageNode","id":"3ae11e99-13e4-4371-912d-e9cb73959cf7","ts":"2026-06-27T22:13:02.300+05:30","eventName":"n8n.node.finished","message":"n8n.node.finished","payload":{"workflowId":"2Yn2cUTn5kHz1TwR","workflowName":"1 - Ingest","executionId":"42","nodeType":"n8n-nodes-base.set","nodeName":"Job Info","nodeId":"c6ead296-6dcf-4bc0-9621-26be44e3cf39"}}
{"__type":"$$EventMessageConfirm","confirm":"3ae11e99-13e4-4371-912d-e9cb73959cf7","ts":"2026-06-27T22:13:02.300+05:30","source":{"id":"0","name":"eventBus"}}
{"__type":"$$EventMessageNode","id":"5ed0d4a7-a008-49d1-a8d0-3ba85e5c6ce0","ts":"2026-06-27T22:13:02.301+05:30","eventName":"n8n.node.started","message":"n8n.node.started","payload":{"workflowId":"2Yn2cUTn5kHz1TwR","workflowName":"1 - Ingest","executionId":"42","nodeType":"n8n-nodes-base.httpRequest","nodeName":"Find Best Moments","nodeId":"a1396e57-fe60-4e02-9e61-83b3311dc363"}}
{"__type":"$$EventMessageConfirm","confirm":"5ed0d4a7-a008-49d1-a8d0-3ba85e5c6ce0","ts":"2026-06-27T22:13:02.301+05:30","source":{"id":"0","name":"eventBus"}}
{"__type":"$$EventMessageNode","id":"5e50117b-2e6d-49df-928b-2f35f38e24bc","ts":"2026-06-27T22:15:57.840+05:30","eventName":"n8n.node.finished","message":"n8n.node.finished","payload":{"workflowId":"2Yn2cUTn5kHz1TwR","workflowName":"1 - Ingest","executionId":"42","nodeType":"n8n-nodes-base.httpRequest","nodeName":"Find Best Moments","nodeId":"a1396e57-fe60-4e02-9e61-83b3311dc363"}}
{"__type":"$$EventMessageConfirm","confirm":"5e50117b-2e6d-49df-928b-2f35f38e24bc","ts":"2026-06-27T22:15:57.840+05:30","source":{"id":"0","name":"eventBus"}}
{"__type":"$$EventMessageNode","id":"fd5130cd-42e9-47a3-b04b-198741be0ee4","ts":"2026-06-27T22:15:57.841+05:30","eventName":"n8n.node.started","message":"n8n.node.started","payload":{"workflowId":"2Yn2cUTn5kHz1TwR","workflowName":"1 - Ingest","executionId":"42","nodeType":"n8n-nodes-base.code","nodeName":"Pick Best","nodeId":"e8d17356-4a27-410f-b0b4-e32e900ccbe9"}}
{"__type":"$$EventMessageConfirm","confirm":"fd5130cd-42e9-47a3-b04b-198741be0ee4","ts":"2026-06-27T22:15:57.841+05:30","source":{"id":"0","name":"eventBus"}}
{"__type":"$$EventMessageRunner","id":"addb8b33-5b17-41ab-bf61-6c05bc6218d3","ts":"2026-06-27T22:15:57.856+05:30","eventName":"n8n.runner.task.requested","message":"n8n.runner.task.requested","payload":{"taskId":"NMVTHI_i","nodeId":"e8d17356-4a27-410f-b0b4-e32e900ccbe9","workflowId":"2Yn2cUTn5kHz1TwR","executionId":"42"}}
{"__type":"$$EventMessageConfirm","confirm":"addb8b33-5b17-41ab-bf61-6c05bc6218d3","ts":"2026-06-27T22:15:57.856+05:30","source":{"id":"0","name":"eventBus"}}
{"__type":"$$EventMessageRunner","id":"30ca7da3-02bc-4f91-8e4d-5777c849a206","ts":"2026-06-27T22:15:57.976+05:30","eventName":"n8n.runner.response.received","message":"n8n.runner.response.received","payload":{"taskId":"NMVTHI_i","nodeId":"e8d17356-4a27-410f-b0b4-e32e900ccbe9","workflowId":"2Yn2cUTn5kHz1TwR","executionId":"42"}}
{"__type":"$$EventMessageConfirm","confirm":"30ca7da3-02bc-4f91-8e4d-5777c849a206","ts":"2026-06-27T22:15:57.976+05:30","source":{"id":"0","name":"eventBus"}}
{"__type":"$$EventMessageNode","id":"c00acf96-d6c3-4424-850f-3e73ab014966","ts":"2026-06-27T22:15:57.977+05:30","eventName":"n8n.node.finished","message":"n8n.node.finished","payload":{"workflowId":"2Yn2cUTn5kHz1TwR","workflowName":"1 - Ingest","executionId":"42","nodeType":"n8n-nodes-base.code","nodeName":"Pick Best","nodeId":"e8d17356-4a27-410f-b0b4-e32e900ccbe9"}}
{"__type":"$$EventMessageConfirm","confirm":"c00acf96-d6c3-4424-850f-3e73ab014966","ts":"2026-06-27T22:15:57.977+05:30","source":{"id":"0","name":"eventBus"}}
{"__type":"$$EventMessageNode","id":"b62428fb-5e51-4e12-a9da-094d7d2220e1","ts":"2026-06-27T22:15:57.978+05:30","eventName":"n8n.node.started","message":"n8n.node.started","payload":{"workflowId":"2Yn2cUTn5kHz1TwR","workflowName":"1 - Ingest","executionId":"42","nodeType":"n8n-nodes-base.set","nodeName":"Chosen Clip","nodeId":"ddcd07ee-d588-49e9-aa75-7617f454dca5"}}
{"__type":"$$EventMessageConfirm","confirm":"b62428fb-5e51-4e12-a9da-094d7d2220e1","ts":"2026-06-27T22:15:57.978+05:30","source":{"id":"0","name":"eventBus"}}
{"__type":"$$EventMessageNode","id":"aeb794fc-3808-4024-9e06-b99b9dd73458","ts":"2026-06-27T22:15:57.996+05:30","eventName":"n8n.node.finished","message":"n8n.node.finished","payload":{"workflowId":"2Yn2cUTn5kHz1TwR","workflowName":"1 - Ingest","executionId":"42","nodeType":"n8n-nodes-base.set","nodeName":"Chosen Clip","nodeId":"ddcd07ee-d588-49e9-aa75-7617f454dca5"}}
{"__type":"$$EventMessageConfirm","confirm":"aeb794fc-3808-4024-9e06-b99b9dd73458","ts":"2026-06-27T22:15:57.996+05:30","source":{"id":"0","name":"eventBus"}}
{"__type":"$$EventMessageWorkflow","id":"1c6cf37f-b4ce-452b-a534-13c4775db3b5","ts":"2026-06-27T22:15:57.998+05:30","eventName":"n8n.workflow.success","message":"n8n.workflow.success","payload":{"userId":"08b17f02-b46c-4051-b17f-7819dfec7217","executionId":"42","success":true,"isManual":true,"mode":"manual","workflowId":"2Yn2cUTn5kHz1TwR","workflowName":"1 - Ingest","projectId":"0vysnRUpMYPI6Xcr","projectName":"Himanshu Chauhan <hichauhan.in@gmail.com>"}}
{"__type":"$$EventMessageConfirm","confirm":"1c6cf37f-b4ce-452b-a534-13c4775db3b5","ts":"2026-06-27T22:15:57.998+05:30","source":{"id":"0","name":"eventBus"}}
{"__type":"$$EventMessageAudit","id":"c66bd552-64c6-4a92-8607-5efe6c834d66","ts":"2026-06-27T22:28:56.742+05:30","eventName":"n8n.audit.workflow.updated","message":"n8n.audit.workflow.updated","payload":{"userId":"08b17f02-b46c-4051-b17f-7819dfec7217","_email":"hichauhan.in@gmail.com","_firstName":"Himanshu","_lastName":"Chauhan","globalRole":"global:owner","workflowId":"2Yn2cUTn5kHz1TwR","workflowName":"1 - Ingest"}}
{"__type":"$$EventMessageConfirm","confirm":"c66bd552-64c6-4a92-8607-5efe6c834d66","ts":"2026-06-27T22:28:56.742+05:30","source":{"id":"0","name":"eventBus"}}
{"__type":"$$EventMessageAudit","id":"504f43da-be65-43d4-90bf-6e9f7446aaad","ts":"2026-06-27T22:28:59.462+05:30","eventName":"n8n.audit.workflow.updated","message":"n8n.audit.workflow.updated","payload":{"userId":"08b17f02-b46c-4051-b17f-7819dfec7217","_email":"hichauhan.in@gmail.com","_firstName":"Himanshu","_lastName":"Chauhan","globalRole":"global:owner","workflowId":"2Yn2cUTn5kHz1TwR","workflowName":"1 - Ingest"}}
{"__type":"$$EventMessageConfirm","confirm":"504f43da-be65-43d4-90bf-6e9f7446aaad","ts":"2026-06-27T22:28:59.462+05:30","source":{"id":"0","name":"eventBus"}}
{"__type":"$$EventMessageAudit","id":"65b09d21-2454-414f-a7b8-061e27c68634","ts":"2026-06-27T22:29:02.204+05:30","eventName":"n8n.audit.workflow.updated","message":"n8n.audit.workflow.updated","payload":{"userId":"08b17f02-b46c-4051-b17f-7819dfec7217","_email":"hichauhan.in@gmail.com","_firstName":"Himanshu","_lastName":"Chauhan","globalRole":"global:owner","workflowId":"2Yn2cUTn5kHz1TwR","workflowName":"1 - Ingest"}}
{"__type":"$$EventMessageConfirm","confirm":"65b09d21-2454-414f-a7b8-061e27c68634","ts":"2026-06-27T22:29:02.205+05:30","source":{"id":"0","name":"eventBus"}}
{"__type":"$$EventMessageAudit","id":"e6289844-27ad-4412-93b8-93a9306cd4f3","ts":"2026-06-27T22:29:07.178+05:30","eventName":"n8n.audit.workflow.updated","message":"n8n.audit.workflow.updated","payload":{"userId":"08b17f02-b46c-4051-b17f-7819dfec7217","_email":"hichauhan.in@gmail.com","_firstName":"Himanshu","_lastName":"Chauhan","globalRole":"global:owner","workflowId":"2Yn2cUTn5kHz1TwR","workflowName":"1 - Ingest"}}
{"__type":"$$EventMessageConfirm","confirm":"e6289844-27ad-4412-93b8-93a9306cd4f3","ts":"2026-06-27T22:29:07.178+05:30","source":{"id":"0","name":"eventBus"}}
{"__type":"$$EventMessageAudit","id":"a53237b8-dcdc-4b64-af10-d0429ee85699","ts":"2026-06-27T22:29:34.176+05:30","eventName":"n8n.audit.workflow.updated","message":"n8n.audit.workflow.updated","payload":{"userId":"08b17f02-b46c-4051-b17f-7819dfec7217","_email":"hichauhan.in@gmail.com","_firstName":"Himanshu","_lastName":"Chauhan","globalRole":"global:owner","workflowId":"2Yn2cUTn5kHz1TwR","workflowName":"1 - Ingest"}}
{"__type":"$$EventMessageConfirm","confirm":"a53237b8-dcdc-4b64-af10-d0429ee85699","ts":"2026-06-27T22:29:34.176+05:30","source":{"id":"0","name":"eventBus"}}
{"__type":"$$EventMessageAudit","id":"4c7946bc-5144-4224-8313-063da0493c1a","ts":"2026-06-27T22:29:44.164+05:30","eventName":"n8n.audit.workflow.updated","message":"n8n.audit.workflow.updated","payload":{"userId":"08b17f02-b46c-4051-b17f-7819dfec7217","_email":"hichauhan.in@gmail.com","_firstName":"Himanshu","_lastName":"Chauhan","globalRole":"global:owner","workflowId":"2Yn2cUTn5kHz1TwR","workflowName":"1 - Ingest"}}
{"__type":"$$EventMessageConfirm","confirm":"4c7946bc-5144-4224-8313-063da0493c1a","ts":"2026-06-27T22:29:44.164+05:30","source":{"id":"0","name":"eventBus"}}
{"__type":"$$EventMessageAudit","id":"8ab38603-8a72-4bfe-b517-c90ca59721cd","ts":"2026-06-27T22:29:53.556+05:30","eventName":"n8n.audit.workflow.updated","message":"n8n.audit.workflow.updated","payload":{"userId":"08b17f02-b46c-4051-b17f-7819dfec7217","_email":"hichauhan.in@gmail.com","_firstName":"Himanshu","_lastName":"Chauhan","globalRole":"global:owner","workflowId":"2Yn2cUTn5kHz1TwR","workflowName":"1 - Ingest"}}
{"__type":"$$EventMessageConfirm","confirm":"8ab38603-8a72-4bfe-b517-c90ca59721cd","ts":"2026-06-27T22:29:53.556+05:30","source":{"id":"0","name":"eventBus"}}
{"__type":"$$EventMessageAudit","id":"8606674e-715d-4430-b8cf-169f55ba04be","ts":"2026-06-27T22:29:55.768+05:30","eventName":"n8n.audit.workflow.updated","message":"n8n.audit.workflow.updated","payload":{"userId":"08b17f02-b46c-4051-b17f-7819dfec7217","_email":"hichauhan.in@gmail.com","_firstName":"Himanshu","_lastName":"Chauhan","globalRole":"global:owner","workflowId":"2Yn2cUTn5kHz1TwR","workflowName":"1 - Ingest"}}
{"__type":"$$EventMessageConfirm","confirm":"8606674e-715d-4430-b8cf-169f55ba04be","ts":"2026-06-27T22:29:55.768+05:30","source":{"id":"0","name":"eventBus"}}
{"__type":"$$EventMessageAudit","id":"82cc766a-235b-4948-a719-8b5df18bde66","ts":"2026-06-27T22:30:17.811+05:30","eventName":"n8n.audit.workflow.executed","message":"n8n.audit.workflow.executed","payload":{"userId":"08b17f02-b46c-4051-b17f-7819dfec7217","_email":"hichauhan.in@gmail.com","_firstName":"Himanshu","_lastName":"Chauhan","globalRole":"global:owner","workflowId":"2Yn2cUTn5kHz1TwR","workflowName":"1 - Ingest","executionId":"43","source":"user-manual"}}
{"__type":"$$EventMessageConfirm","confirm":"82cc766a-235b-4948-a719-8b5df18bde66","ts":"2026-06-27T22:30:17.811+05:30","source":{"id":"0","name":"eventBus"}}
{"__type":"$$EventMessageWorkflow","id":"49fbd3c4-2618-4436-bf2d-8ee752d68bf8","ts":"2026-06-27T22:30:17.811+05:30","eventName":"n8n.workflow.started","message":"n8n.workflow.started","payload":{"executionId":"43","workflowId":"2Yn2cUTn5kHz1TwR","isManual":false,"mode":"manual","workflowName":"1 - Ingest","projectId":"0vysnRUpMYPI6Xcr","projectName":"Himanshu Chauhan <hichauhan.in@gmail.com>"}}
{"__type":"$$EventMessageConfirm","confirm":"49fbd3c4-2618-4436-bf2d-8ee752d68bf8","ts":"2026-06-27T22:30:17.811+05:30","source":{"id":"0","name":"eventBus"}}
{"__type":"$$EventMessageNode","id":"f90115c7-3565-46a4-a043-f6a71e7c362d","ts":"2026-06-27T22:30:17.815+05:30","eventName":"n8n.node.started","message":"n8n.node.started","payload":{"workflowId":"2Yn2cUTn5kHz1TwR","workflowName":"1 - Ingest","executionId":"43","nodeType":"n8n-nodes-base.httpRequest","nodeName":"Render Clips","nodeId":"bf715d8d-73d3-4f75-8b3c-ded41b5cabe2"}}
{"__type":"$$EventMessageConfirm","confirm":"f90115c7-3565-46a4-a043-f6a71e7c362d","ts":"2026-06-27T22:30:17.815+05:30","source":{"id":"0","name":"eventBus"}}
{"__type":"$$EventMessageNode","id":"b5bb82d3-8d9a-40c4-8444-209731d341d4","ts":"2026-06-27T22:30:18.241+05:30","eventName":"n8n.node.finished","message":"n8n.node.finished","payload":{"workflowId":"2Yn2cUTn5kHz1TwR","workflowName":"1 - Ingest","executionId":"43","nodeType":"n8n-nodes-base.httpRequest","nodeName":"Render Clips","nodeId":"bf715d8d-73d3-4f75-8b3c-ded41b5cabe2"}}
{"__type":"$$EventMessageConfirm","confirm":"b5bb82d3-8d9a-40c4-8444-209731d341d4","ts":"2026-06-27T22:30:18.241+05:30","source":{"id":"0","name":"eventBus"}}
{"__type":"$$EventMessageWorkflow","id":"8b97a5c0-9381-4cfc-8b7a-0bc3ef4db27f","ts":"2026-06-27T22:30:18.242+05:30","eventName":"n8n.workflow.success","message":"n8n.workflow.success","payload":{"userId":"08b17f02-b46c-4051-b17f-7819dfec7217","executionId":"43","success":true,"isManual":true,"mode":"manual","workflowId":"2Yn2cUTn5kHz1TwR","workflowName":"1 - Ingest","projectId":"0vysnRUpMYPI6Xcr","projectName":"Himanshu Chauhan <hichauhan.in@gmail.com>"}}
{"__type":"$$EventMessageConfirm","confirm":"8b97a5c0-9381-4cfc-8b7a-0bc3ef4db27f","ts":"2026-06-27T22:30:18.242+05:30","source":{"id":"0","name":"eventBus"}}
{"__type":"$$EventMessageAudit","id":"5d6fec9a-2204-435a-b3a1-ac9690480d0a","ts":"2026-06-27T22:31:23.925+05:30","eventName":"n8n.audit.workflow.updated","message":"n8n.audit.workflow.updated","payload":{"userId":"08b17f02-b46c-4051-b17f-7819dfec7217","_email":"hichauhan.in@gmail.com","_firstName":"Himanshu","_lastName":"Chauhan","globalRole":"global:owner","workflowId":"2Yn2cUTn5kHz1TwR","workflowName":"1 - Ingest"}}
{"__type":"$$EventMessageConfirm","confirm":"5d6fec9a-2204-435a-b3a1-ac9690480d0a","ts":"2026-06-27T22:31:23.925+05:30","source":{"id":"0","name":"eventBus"}}
{"__type":"$$EventMessageAudit","id":"cd59a921-9da8-4b5d-b04b-894e92265758","ts":"2026-06-27T22:31:25.346+05:30","eventName":"n8n.audit.workflow.executed","message":"n8n.audit.workflow.executed","payload":{"userId":"08b17f02-b46c-4051-b17f-7819dfec7217","_email":"hichauhan.in@gmail.com","_firstName":"Himanshu","_lastName":"Chauhan","globalRole":"global:owner","workflowId":"2Yn2cUTn5kHz1TwR","workflowName":"1 - Ingest","executionId":"44","source":"user-manual"}}
{"__type":"$$EventMessageConfirm","confirm":"cd59a921-9da8-4b5d-b04b-894e92265758","ts":"2026-06-27T22:31:25.346+05:30","source":{"id":"0","name":"eventBus"}}
{"__type":"$$EventMessageWorkflow","id":"7cdbccdb-5576-4049-aa83-460c78a284dd","ts":"2026-06-27T22:31:25.346+05:30","eventName":"n8n.workflow.started","message":"n8n.workflow.started","payload":{"executionId":"44","workflowId":"2Yn2cUTn5kHz1TwR","isManual":false,"mode":"manual","workflowName":"1 - Ingest","projectId":"0vysnRUpMYPI6Xcr","projectName":"Himanshu Chauhan <hichauhan.in@gmail.com>"}}
{"__type":"$$EventMessageConfirm","confirm":"7cdbccdb-5576-4049-aa83-460c78a284dd","ts":"2026-06-27T22:31:25.346+05:30","source":{"id":"0","name":"eventBus"}}
{"__type":"$$EventMessageNode","id":"4ff32a38-53f6-4636-940e-00703f76188d","ts":"2026-06-27T22:31:25.354+05:30","eventName":"n8n.node.started","message":"n8n.node.started","payload":{"workflowId":"2Yn2cUTn5kHz1TwR","workflowName":"1 - Ingest","executionId":"44","nodeType":"n8n-nodes-base.httpRequest","nodeName":"Render Clips","nodeId":"bf715d8d-73d3-4f75-8b3c-ded41b5cabe2"}}
{"__type":"$$EventMessageConfirm","confirm":"4ff32a38-53f6-4636-940e-00703f76188d","ts":"2026-06-27T22:31:25.354+05:30","source":{"id":"0","name":"eventBus"}}
{"__type":"$$EventMessageNode","id":"c1c7f5b1-3ba2-421d-b55c-6d866a43df42","ts":"2026-06-27T22:31:25.541+05:30","eventName":"n8n.node.finished","message":"n8n.node.finished","payload":{"workflowId":"2Yn2cUTn5kHz1TwR","workflowName":"1 - Ingest","executionId":"44","nodeType":"n8n-nodes-base.httpRequest","nodeName":"Render Clips","nodeId":"bf715d8d-73d3-4f75-8b3c-ded41b5cabe2"}}
{"__type":"$$EventMessageConfirm","confirm":"c1c7f5b1-3ba2-421d-b55c-6d866a43df42","ts":"2026-06-27T22:31:25.541+05:30","source":{"id":"0","name":"eventBus"}}
{"__type":"$$EventMessageWorkflow","id":"376b3f0f-58c1-406f-ba70-2158f52402fb","ts":"2026-06-27T22:31:25.542+05:30","eventName":"n8n.workflow.success","message":"n8n.workflow.success","payload":{"userId":"08b17f02-b46c-4051-b17f-7819dfec7217","executionId":"44","success":true,"isManual":true,"mode":"manual","workflowId":"2Yn2cUTn5kHz1TwR","workflowName":"1 - Ingest","projectId":"0vysnRUpMYPI6Xcr","projectName":"Himanshu Chauhan <hichauhan.in@gmail.com>"}}
{"__type":"$$EventMessageConfirm","confirm":"376b3f0f-58c1-406f-ba70-2158f52402fb","ts":"2026-06-27T22:31:25.542+05:30","source":{"id":"0","name":"eventBus"}}
{"__type":"$$EventMessageAudit","id":"485e1aa4-1cca-4b90-86aa-5a0de1739dfe","ts":"2026-06-27T22:35:50.180+05:30","eventName":"n8n.audit.workflow.updated","message":"n8n.audit.workflow.updated","payload":{"userId":"08b17f02-b46c-4051-b17f-7819dfec7217","_email":"hichauhan.in@gmail.com","_firstName":"Himanshu","_lastName":"Chauhan","globalRole":"global:owner","workflowId":"2Yn2cUTn5kHz1TwR","workflowName":"1 - Ingest"}}
{"__type":"$$EventMessageConfirm","confirm":"485e1aa4-1cca-4b90-86aa-5a0de1739dfe","ts":"2026-06-27T22:35:50.180+05:30","source":{"id":"0","name":"eventBus"}}
{"__type":"$$EventMessageAudit","id":"4da63022-b8e8-4ef4-ba9a-7e8a034785cc","ts":"2026-06-27T22:36:01.564+05:30","eventName":"n8n.audit.workflow.executed","message":"n8n.audit.workflow.executed","payload":{"userId":"08b17f02-b46c-4051-b17f-7819dfec7217","_email":"hichauhan.in@gmail.com","_firstName":"Himanshu","_lastName":"Chauhan","globalRole":"global:owner","workflowId":"2Yn2cUTn5kHz1TwR","workflowName":"1 - Ingest","executionId":"45","source":"user-manual"}}
{"__type":"$$EventMessageConfirm","confirm":"4da63022-b8e8-4ef4-ba9a-7e8a034785cc","ts":"2026-06-27T22:36:01.564+05:30","source":{"id":"0","name":"eventBus"}}
{"__type":"$$EventMessageWorkflow","id":"250bbc00-a02d-4eb8-ad81-a32fafdd6910","ts":"2026-06-27T22:36:01.564+05:30","eventName":"n8n.workflow.started","message":"n8n.workflow.started","payload":{"executionId":"45","workflowId":"2Yn2cUTn5kHz1TwR","isManual":false,"mode":"manual","workflowName":"1 - Ingest","projectId":"0vysnRUpMYPI6Xcr","projectName":"Himanshu Chauhan <hichauhan.in@gmail.com>"}}
{"__type":"$$EventMessageConfirm","confirm":"250bbc00-a02d-4eb8-ad81-a32fafdd6910","ts":"2026-06-27T22:36:01.564+05:30","source":{"id":"0","name":"eventBus"}}
{"__type":"$$EventMessageNode","id":"b1345ba2-841e-4108-b49c-43d00315a377","ts":"2026-06-27T22:36:01.572+05:30","eventName":"n8n.node.started","message":"n8n.node.started","payload":{"workflowId":"2Yn2cUTn5kHz1TwR","workflowName":"1 - Ingest","executionId":"45","nodeType":"n8n-nodes-base.manualTrigger","nodeName":"Manual Start","nodeId":"5e6aaec7-c389-4d53-90fd-dd561a5b0366"}}
{"__type":"$$EventMessageConfirm","confirm":"b1345ba2-841e-4108-b49c-43d00315a377","ts":"2026-06-27T22:36:01.572+05:30","source":{"id":"0","name":"eventBus"}}
{"__type":"$$EventMessageNode","id":"29f71e18-7796-4d70-b76b-78584ff44492","ts":"2026-06-27T22:36:01.573+05:30","eventName":"n8n.node.finished","message":"n8n.node.finished","payload":{"workflowId":"2Yn2cUTn5kHz1TwR","workflowName":"1 - Ingest","executionId":"45","nodeType":"n8n-nodes-base.manualTrigger","nodeName":"Manual Start","nodeId":"5e6aaec7-c389-4d53-90fd-dd561a5b0366"}}
{"__type":"$$EventMessageConfirm","confirm":"29f71e18-7796-4d70-b76b-78584ff44492","ts":"2026-06-27T22:36:01.573+05:30","source":{"id":"0","name":"eventBus"}}
{"__type":"$$EventMessageNode","id":"ada49011-a8ca-4bd9-9928-abe1e755ce8e","ts":"2026-06-27T22:36:01.573+05:30","eventName":"n8n.node.started","message":"n8n.node.started","payload":{"workflowId":"2Yn2cUTn5kHz1TwR","workflowName":"1 - Ingest","executionId":"45","nodeType":"n8n-nodes-base.httpRequest","nodeName":"Claim Clip","nodeId":"dffdb19b-7427-4b9e-8dc7-9d60569cb8c1"}}
{"__type":"$$EventMessageConfirm","confirm":"ada49011-a8ca-4bd9-9928-abe1e755ce8e","ts":"2026-06-27T22:36:01.573+05:30","source":{"id":"0","name":"eventBus"}}
{"__type":"$$EventMessageNode","id":"0435b3af-d5a5-46a4-8676-fff39e383dfe","ts":"2026-06-27T22:36:01.597+05:30","eventName":"n8n.node.finished","message":"n8n.node.finished","payload":{"workflowId":"2Yn2cUTn5kHz1TwR","workflowName":"1 - Ingest","executionId":"45","nodeType":"n8n-nodes-base.httpRequest","nodeName":"Claim Clip","nodeId":"dffdb19b-7427-4b9e-8dc7-9d60569cb8c1"}}
{"__type":"$$EventMessageConfirm","confirm":"0435b3af-d5a5-46a4-8676-fff39e383dfe","ts":"2026-06-27T22:36:01.597+05:30","source":{"id":"0","name":"eventBus"}}
{"__type":"$$EventMessageNode","id":"7b0fb089-083e-4257-90ce-1f789395993f","ts":"2026-06-27T22:36:01.597+05:30","eventName":"n8n.node.started","message":"n8n.node.started","payload":{"workflowId":"2Yn2cUTn5kHz1TwR","workflowName":"1 - Ingest","executionId":"45","nodeType":"n8n-nodes-base.if","nodeName":"Got a clip?","nodeId":"c3685f1f-9c4e-46ca-9232-372a4643a949"}}
{"__type":"$$EventMessageConfirm","confirm":"7b0fb089-083e-4257-90ce-1f789395993f","ts":"2026-06-27T22:36:01.597+05:30","source":{"id":"0","name":"eventBus"}}
{"__type":"$$EventMessageNode","id":"b3a2d539-c126-438e-a1dd-444ff37fcebd","ts":"2026-06-27T22:36:01.598+05:30","eventName":"n8n.node.finished","message":"n8n.node.finished","payload":{"workflowId":"2Yn2cUTn5kHz1TwR","workflowName":"1 - Ingest","executionId":"45","nodeType":"n8n-nodes-base.if","nodeName":"Got a clip?","nodeId":"c3685f1f-9c4e-46ca-9232-372a4643a949"}}
{"__type":"$$EventMessageConfirm","confirm":"b3a2d539-c126-438e-a1dd-444ff37fcebd","ts":"2026-06-27T22:36:01.598+05:30","source":{"id":"0","name":"eventBus"}}
{"__type":"$$EventMessageNode","id":"b1eebfcc-ce51-4441-a168-0fcb44c271ea","ts":"2026-06-27T22:36:01.599+05:30","eventName":"n8n.node.started","message":"n8n.node.started","payload":{"workflowId":"2Yn2cUTn5kHz1TwR","workflowName":"1 - Ingest","executionId":"45","nodeType":"n8n-nodes-base.httpRequest","nodeName":"Probe","nodeId":"0a7641df-3f5c-49c5-bd04-79a99bf62ed7"}}
{"__type":"$$EventMessageConfirm","confirm":"b1eebfcc-ce51-4441-a168-0fcb44c271ea","ts":"2026-06-27T22:36:01.599+05:30","source":{"id":"0","name":"eventBus"}}
{"__type":"$$EventMessageNode","id":"a0ef013c-dc8a-4c8c-aef4-d8e7810d289c","ts":"2026-06-27T22:36:01.886+05:30","eventName":"n8n.node.finished","message":"n8n.node.finished","payload":{"workflowId":"2Yn2cUTn5kHz1TwR","workflowName":"1 - Ingest","executionId":"45","nodeType":"n8n-nodes-base.httpRequest","nodeName":"Probe","nodeId":"0a7641df-3f5c-49c5-bd04-79a99bf62ed7"}}
{"__type":"$$EventMessageConfirm","confirm":"a0ef013c-dc8a-4c8c-aef4-d8e7810d289c","ts":"2026-06-27T22:36:01.886+05:30","source":{"id":"0","name":"eventBus"}}
{"__type":"$$EventMessageNode","id":"1dd200a8-c667-4f25-907c-a6617cea693e","ts":"2026-06-27T22:36:01.886+05:30","eventName":"n8n.node.started","message":"n8n.node.started","payload":{"workflowId":"2Yn2cUTn5kHz1TwR","workflowName":"1 - Ingest","executionId":"45","nodeType":"n8n-nodes-base.set","nodeName":"Job Info","nodeId":"c6ead296-6dcf-4bc0-9621-26be44e3cf39"}}
{"__type":"$$EventMessageConfirm","confirm":"1dd200a8-c667-4f25-907c-a6617cea693e","ts":"2026-06-27T22:36:01.886+05:30","source":{"id":"0","name":"eventBus"}}
{"__type":"$$EventMessageNode","id":"a559eae6-ec98-495e-bca2-3b7a29be2384","ts":"2026-06-27T22:36:01.888+05:30","eventName":"n8n.node.finished","message":"n8n.node.finished","payload":{"workflowId":"2Yn2cUTn5kHz1TwR","workflowName":"1 - Ingest","executionId":"45","nodeType":"n8n-nodes-base.set","nodeName":"Job Info","nodeId":"c6ead296-6dcf-4bc0-9621-26be44e3cf39"}}
{"__type":"$$EventMessageConfirm","confirm":"a559eae6-ec98-495e-bca2-3b7a29be2384","ts":"2026-06-27T22:36:01.888+05:30","source":{"id":"0","name":"eventBus"}}
{"__type":"$$EventMessageNode","id":"8ab5632b-bc1c-4757-ab0c-834bfbf2dc4b","ts":"2026-06-27T22:36:01.889+05:30","eventName":"n8n.node.started","message":"n8n.node.started","payload":{"workflowId":"2Yn2cUTn5kHz1TwR","workflowName":"1 - Ingest","executionId":"45","nodeType":"n8n-nodes-base.httpRequest","nodeName":"Find Best Moments","nodeId":"a1396e57-fe60-4e02-9e61-83b3311dc363"}}
{"__type":"$$EventMessageConfirm","confirm":"8ab5632b-bc1c-4757-ab0c-834bfbf2dc4b","ts":"2026-06-27T22:36:01.889+05:30","source":{"id":"0","name":"eventBus"}}
{"__type":"$$EventMessageNode","id":"4ce8d336-30c9-4f67-a53e-70dc2bebda05","ts":"2026-06-27T22:39:03.342+05:30","eventName":"n8n.node.finished","message":"n8n.node.finished","payload":{"workflowId":"2Yn2cUTn5kHz1TwR","workflowName":"1 - Ingest","executionId":"45","nodeType":"n8n-nodes-base.httpRequest","nodeName":"Find Best Moments","nodeId":"a1396e57-fe60-4e02-9e61-83b3311dc363"}}
{"__type":"$$EventMessageConfirm","confirm":"4ce8d336-30c9-4f67-a53e-70dc2bebda05","ts":"2026-06-27T22:39:03.342+05:30","source":{"id":"0","name":"eventBus"}}
{"__type":"$$EventMessageNode","id":"dfedc57b-a7c5-4c48-952b-308bb4646a34","ts":"2026-06-27T22:39:03.343+05:30","eventName":"n8n.node.started","message":"n8n.node.started","payload":{"workflowId":"2Yn2cUTn5kHz1TwR","workflowName":"1 - Ingest","executionId":"45","nodeType":"n8n-nodes-base.code","nodeName":"Pick Best","nodeId":"e8d17356-4a27-410f-b0b4-e32e900ccbe9"}}
{"__type":"$$EventMessageConfirm","confirm":"dfedc57b-a7c5-4c48-952b-308bb4646a34","ts":"2026-06-27T22:39:03.343+05:30","source":{"id":"0","name":"eventBus"}}
{"__type":"$$EventMessageRunner","id":"9238d0f8-ebc2-48b6-a928-cb7121a07a63","ts":"2026-06-27T22:39:03.348+05:30","eventName":"n8n.runner.task.requested","message":"n8n.runner.task.requested","payload":{"taskId":"EEEBOaUj","nodeId":"e8d17356-4a27-410f-b0b4-e32e900ccbe9","workflowId":"2Yn2cUTn5kHz1TwR","executionId":"45"}}
{"__type":"$$EventMessageConfirm","confirm":"9238d0f8-ebc2-48b6-a928-cb7121a07a63","ts":"2026-06-27T22:39:03.348+05:30","source":{"id":"0","name":"eventBus"}}
{"__type":"$$EventMessageRunner","id":"7ee8a4a1-b602-4088-9f28-9e6eb2126f4a","ts":"2026-06-27T22:39:03.362+05:30","eventName":"n8n.runner.response.received","message":"n8n.runner.response.received","payload":{"taskId":"EEEBOaUj","nodeId":"e8d17356-4a27-410f-b0b4-e32e900ccbe9","workflowId":"2Yn2cUTn5kHz1TwR","executionId":"45"}}
{"__type":"$$EventMessageConfirm","confirm":"7ee8a4a1-b602-4088-9f28-9e6eb2126f4a","ts":"2026-06-27T22:39:03.362+05:30","source":{"id":"0","name":"eventBus"}}
{"__type":"$$EventMessageNode","id":"9635a7a8-b006-4152-950f-a21a347d3ac3","ts":"2026-06-27T22:39:03.363+05:30","eventName":"n8n.node.finished","message":"n8n.node.finished","payload":{"workflowId":"2Yn2cUTn5kHz1TwR","workflowName":"1 - Ingest","executionId":"45","nodeType":"n8n-nodes-base.code","nodeName":"Pick Best","nodeId":"e8d17356-4a27-410f-b0b4-e32e900ccbe9"}}
{"__type":"$$EventMessageConfirm","confirm":"9635a7a8-b006-4152-950f-a21a347d3ac3","ts":"2026-06-27T22:39:03.363+05:30","source":{"id":"0","name":"eventBus"}}
{"__type":"$$EventMessageNode","id":"e95327e0-bd8d-4c6f-aa9c-c046c735ce06","ts":"2026-06-27T22:39:03.364+05:30","eventName":"n8n.node.started","message":"n8n.node.started","payload":{"workflowId":"2Yn2cUTn5kHz1TwR","workflowName":"1 - Ingest","executionId":"45","nodeType":"n8n-nodes-base.httpRequest","nodeName":"Render Clips","nodeId":"bf715d8d-73d3-4f75-8b3c-ded41b5cabe2"}}
{"__type":"$$EventMessageConfirm","confirm":"e95327e0-bd8d-4c6f-aa9c-c046c735ce06","ts":"2026-06-27T22:39:03.364+05:30","source":{"id":"0","name":"eventBus"}}
{"__type":"$$EventMessageNode","id":"c2345039-cbc8-4788-9368-beea3b908b91","ts":"2026-06-27T22:39:26.674+05:30","eventName":"n8n.node.finished","message":"n8n.node.finished","payload":{"workflowId":"2Yn2cUTn5kHz1TwR","workflowName":"1 - Ingest","executionId":"45","nodeType":"n8n-nodes-base.httpRequest","nodeName":"Render Clips","nodeId":"bf715d8d-73d3-4f75-8b3c-ded41b5cabe2"}}
{"__type":"$$EventMessageConfirm","confirm":"c2345039-cbc8-4788-9368-beea3b908b91","ts":"2026-06-27T22:39:26.674+05:30","source":{"id":"0","name":"eventBus"}}
{"__type":"$$EventMessageWorkflow","id":"aef60f55-5277-4400-adce-e1cd7faf598e","ts":"2026-06-27T22:39:26.677+05:30","eventName":"n8n.workflow.success","message":"n8n.workflow.success","payload":{"userId":"08b17f02-b46c-4051-b17f-7819dfec7217","executionId":"45","success":true,"isManual":true,"mode":"manual","workflowId":"2Yn2cUTn5kHz1TwR","workflowName":"1 - Ingest","projectId":"0vysnRUpMYPI6Xcr","projectName":"Himanshu Chauhan <hichauhan.in@gmail.com>"}}
{"__type":"$$EventMessageConfirm","confirm":"aef60f55-5277-4400-adce-e1cd7faf598e","ts":"2026-06-27T22:39:26.677+05:30","source":{"id":"0","name":"eventBus"}}
{"__type":"$$EventMessageAudit","id":"ab170d19-07af-4170-a6d4-9780a4f2a23b","ts":"2026-06-27T23:01:12.659+05:30","eventName":"n8n.audit.workflow.executed","message":"n8n.audit.workflow.executed","payload":{"userId":"08b17f02-b46c-4051-b17f-7819dfec7217","_email":"hichauhan.in@gmail.com","_firstName":"Himanshu","_lastName":"Chauhan","globalRole":"global:owner","workflowId":"2Yn2cUTn5kHz1TwR","workflowName":"1 - Ingest","executionId":"46","source":"user-manual"}}
{"__type":"$$EventMessageConfirm","confirm":"ab170d19-07af-4170-a6d4-9780a4f2a23b","ts":"2026-06-27T23:01:12.659+05:30","source":{"id":"0","name":"eventBus"}}
{"__type":"$$EventMessageWorkflow","id":"4bf983e9-017b-45ea-811b-7c554c1048dd","ts":"2026-06-27T23:01:12.662+05:30","eventName":"n8n.workflow.started","message":"n8n.workflow.started","payload":{"executionId":"46","workflowId":"2Yn2cUTn5kHz1TwR","isManual":false,"mode":"manual","workflowName":"1 - Ingest","projectId":"0vysnRUpMYPI6Xcr","projectName":"Himanshu Chauhan <hichauhan.in@gmail.com>"}}
{"__type":"$$EventMessageConfirm","confirm":"4bf983e9-017b-45ea-811b-7c554c1048dd","ts":"2026-06-27T23:01:12.662+05:30","source":{"id":"0","name":"eventBus"}}
{"__type":"$$EventMessageNode","id":"1158afeb-2d26-490a-b528-d2868e88a39c","ts":"2026-06-27T23:01:12.669+05:30","eventName":"n8n.node.started","message":"n8n.node.started","payload":{"workflowId":"2Yn2cUTn5kHz1TwR","workflowName":"1 - Ingest","executionId":"46","nodeType":"n8n-nodes-base.manualTrigger","nodeName":"Manual Start","nodeId":"5e6aaec7-c389-4d53-90fd-dd561a5b0366"}}
{"__type":"$$EventMessageConfirm","confirm":"1158afeb-2d26-490a-b528-d2868e88a39c","ts":"2026-06-27T23:01:12.669+05:30","source":{"id":"0","name":"eventBus"}}
{"__type":"$$EventMessageNode","id":"0c640e38-d8c7-474a-8fe1-97f882e1dbc4","ts":"2026-06-27T23:01:12.669+05:30","eventName":"n8n.node.finished","message":"n8n.node.finished","payload":{"workflowId":"2Yn2cUTn5kHz1TwR","workflowName":"1 - Ingest","executionId":"46","nodeType":"n8n-nodes-base.manualTrigger","nodeName":"Manual Start","nodeId":"5e6aaec7-c389-4d53-90fd-dd561a5b0366"}}
{"__type":"$$EventMessageConfirm","confirm":"0c640e38-d8c7-474a-8fe1-97f882e1dbc4","ts":"2026-06-27T23:01:12.669+05:30","source":{"id":"0","name":"eventBus"}}
{"__type":"$$EventMessageNode","id":"6b0546c6-b453-4e69-8c7d-8c2dd7602cfd","ts":"2026-06-27T23:01:12.669+05:30","eventName":"n8n.node.started","message":"n8n.node.started","payload":{"workflowId":"2Yn2cUTn5kHz1TwR","workflowName":"1 - Ingest","executionId":"46","nodeType":"n8n-nodes-base.httpRequest","nodeName":"Claim Clip","nodeId":"dffdb19b-7427-4b9e-8dc7-9d60569cb8c1"}}
{"__type":"$$EventMessageConfirm","confirm":"6b0546c6-b453-4e69-8c7d-8c2dd7602cfd","ts":"2026-06-27T23:01:12.669+05:30","source":{"id":"0","name":"eventBus"}}
{"__type":"$$EventMessageNode","id":"69d542c4-23e3-4c23-bbb3-7d1d43d23b3d","ts":"2026-06-27T23:01:12.686+05:30","eventName":"n8n.node.finished","message":"n8n.node.finished","payload":{"workflowId":"2Yn2cUTn5kHz1TwR","workflowName":"1 - Ingest","executionId":"46","nodeType":"n8n-nodes-base.httpRequest","nodeName":"Claim Clip","nodeId":"dffdb19b-7427-4b9e-8dc7-9d60569cb8c1"}}
{"__type":"$$EventMessageConfirm","confirm":"69d542c4-23e3-4c23-bbb3-7d1d43d23b3d","ts":"2026-06-27T23:01:12.686+05:30","source":{"id":"0","name":"eventBus"}}
{"__type":"$$EventMessageNode","id":"8ae03e7e-a107-472b-b671-5dc2fbd15810","ts":"2026-06-27T23:01:12.686+05:30","eventName":"n8n.node.started","message":"n8n.node.started","payload":{"workflowId":"2Yn2cUTn5kHz1TwR","workflowName":"1 - Ingest","executionId":"46","nodeType":"n8n-nodes-base.if","nodeName":"Got a clip?","nodeId":"c3685f1f-9c4e-46ca-9232-372a4643a949"}}
{"__type":"$$EventMessageConfirm","confirm":"8ae03e7e-a107-472b-b671-5dc2fbd15810","ts":"2026-06-27T23:01:12.686+05:30","source":{"id":"0","name":"eventBus"}}
{"__type":"$$EventMessageNode","id":"f7fb9866-4dac-4972-a078-f388f0f8238a","ts":"2026-06-27T23:01:12.687+05:30","eventName":"n8n.node.finished","message":"n8n.node.finished","payload":{"workflowId":"2Yn2cUTn5kHz1TwR","workflowName":"1 - Ingest","executionId":"46","nodeType":"n8n-nodes-base.if","nodeName":"Got a clip?","nodeId":"c3685f1f-9c4e-46ca-9232-372a4643a949"}}
{"__type":"$$EventMessageConfirm","confirm":"f7fb9866-4dac-4972-a078-f388f0f8238a","ts":"2026-06-27T23:01:12.687+05:30","source":{"id":"0","name":"eventBus"}}
{"__type":"$$EventMessageNode","id":"0eaa1bc1-dcfc-4a26-8967-1601edf27a5a","ts":"2026-06-27T23:01:12.687+05:30","eventName":"n8n.node.started","message":"n8n.node.started","payload":{"workflowId":"2Yn2cUTn5kHz1TwR","workflowName":"1 - Ingest","executionId":"46","nodeType":"n8n-nodes-base.httpRequest","nodeName":"Probe","nodeId":"0a7641df-3f5c-49c5-bd04-79a99bf62ed7"}}
{"__type":"$$EventMessageConfirm","confirm":"0eaa1bc1-dcfc-4a26-8967-1601edf27a5a","ts":"2026-06-27T23:01:12.687+05:30","source":{"id":"0","name":"eventBus"}}
{"__type":"$$EventMessageNode","id":"03f8fc1d-bf7d-4b9e-b9a8-bb9ccd288738","ts":"2026-06-27T23:01:13.012+05:30","eventName":"n8n.node.finished","message":"n8n.node.finished","payload":{"workflowId":"2Yn2cUTn5kHz1TwR","workflowName":"1 - Ingest","executionId":"46","nodeType":"n8n-nodes-base.httpRequest","nodeName":"Probe","nodeId":"0a7641df-3f5c-49c5-bd04-79a99bf62ed7"}}
{"__type":"$$EventMessageConfirm","confirm":"03f8fc1d-bf7d-4b9e-b9a8-bb9ccd288738","ts":"2026-06-27T23:01:13.013+05:30","source":{"id":"0","name":"eventBus"}}
{"__type":"$$EventMessageNode","id":"ea226fdf-56c2-40cb-975b-3cd4dc15e181","ts":"2026-06-27T23:01:13.013+05:30","eventName":"n8n.node.started","message":"n8n.node.started","payload":{"workflowId":"2Yn2cUTn5kHz1TwR","workflowName":"1 - Ingest","executionId":"46","nodeType":"n8n-nodes-base.set","nodeName":"Job Info","nodeId":"c6ead296-6dcf-4bc0-9621-26be44e3cf39"}}
{"__type":"$$EventMessageConfirm","confirm":"ea226fdf-56c2-40cb-975b-3cd4dc15e181","ts":"2026-06-27T23:01:13.013+05:30","source":{"id":"0","name":"eventBus"}}
{"__type":"$$EventMessageNode","id":"063c3355-d36d-44ed-a6d8-22203636f877","ts":"2026-06-27T23:01:13.014+05:30","eventName":"n8n.node.finished","message":"n8n.node.finished","payload":{"workflowId":"2Yn2cUTn5kHz1TwR","workflowName":"1 - Ingest","executionId":"46","nodeType":"n8n-nodes-base.set","nodeName":"Job Info","nodeId":"c6ead296-6dcf-4bc0-9621-26be44e3cf39"}}
{"__type":"$$EventMessageConfirm","confirm":"063c3355-d36d-44ed-a6d8-22203636f877","ts":"2026-06-27T23:01:13.014+05:30","source":{"id":"0","name":"eventBus"}}
{"__type":"$$EventMessageNode","id":"2658ab35-0159-4cc4-955c-a7721667e102","ts":"2026-06-27T23:01:13.014+05:30","eventName":"n8n.node.started","message":"n8n.node.started","payload":{"workflowId":"2Yn2cUTn5kHz1TwR","workflowName":"1 - Ingest","executionId":"46","nodeType":"n8n-nodes-base.httpRequest","nodeName":"Find Best Moments","nodeId":"a1396e57-fe60-4e02-9e61-83b3311dc363"}}
{"__type":"$$EventMessageConfirm","confirm":"2658ab35-0159-4cc4-955c-a7721667e102","ts":"2026-06-27T23:01:13.014+05:30","source":{"id":"0","name":"eventBus"}}
{"__type":"$$EventMessageNode","id":"72e6de43-453b-4f48-aa7f-72f33252bc12","ts":"2026-06-27T23:04:16.174+05:30","eventName":"n8n.node.finished","message":"n8n.node.finished","payload":{"workflowId":"2Yn2cUTn5kHz1TwR","workflowName":"1 - Ingest","executionId":"46","nodeType":"n8n-nodes-base.httpRequest","nodeName":"Find Best Moments","nodeId":"a1396e57-fe60-4e02-9e61-83b3311dc363"}}
{"__type":"$$EventMessageConfirm","confirm":"72e6de43-453b-4f48-aa7f-72f33252bc12","ts":"2026-06-27T23:04:16.175+05:30","source":{"id":"0","name":"eventBus"}}
{"__type":"$$EventMessageNode","id":"0ac7a263-e948-4b8c-9331-bd4e46bba0b6","ts":"2026-06-27T23:04:16.176+05:30","eventName":"n8n.node.started","message":"n8n.node.started","payload":{"workflowId":"2Yn2cUTn5kHz1TwR","workflowName":"1 - Ingest","executionId":"46","nodeType":"n8n-nodes-base.code","nodeName":"Pick Best","nodeId":"e8d17356-4a27-410f-b0b4-e32e900ccbe9"}}
{"__type":"$$EventMessageConfirm","confirm":"0ac7a263-e948-4b8c-9331-bd4e46bba0b6","ts":"2026-06-27T23:04:16.176+05:30","source":{"id":"0","name":"eventBus"}}
{"__type":"$$EventMessageRunner","id":"03623350-31a4-42b3-9775-049c79161892","ts":"2026-06-27T23:04:16.180+05:30","eventName":"n8n.runner.task.requested","message":"n8n.runner.task.requested","payload":{"taskId":"Zf_l5NhM","nodeId":"e8d17356-4a27-410f-b0b4-e32e900ccbe9","workflowId":"2Yn2cUTn5kHz1TwR","executionId":"46"}}
{"__type":"$$EventMessageConfirm","confirm":"03623350-31a4-42b3-9775-049c79161892","ts":"2026-06-27T23:04:16.180+05:30","source":{"id":"0","name":"eventBus"}}
{"__type":"$$EventMessageRunner","id":"574ea68e-3f0c-419f-b696-70ce657ab002","ts":"2026-06-27T23:04:16.193+05:30","eventName":"n8n.runner.response.received","message":"n8n.runner.response.received","payload":{"taskId":"Zf_l5NhM","nodeId":"e8d17356-4a27-410f-b0b4-e32e900ccbe9","workflowId":"2Yn2cUTn5kHz1TwR","executionId":"46"}}
{"__type":"$$EventMessageConfirm","confirm":"574ea68e-3f0c-419f-b696-70ce657ab002","ts":"2026-06-27T23:04:16.194+05:30","source":{"id":"0","name":"eventBus"}}
{"__type":"$$EventMessageNode","id":"efe55e1b-8b4a-49a9-82e1-e8bd1342c5f6","ts":"2026-06-27T23:04:16.194+05:30","eventName":"n8n.node.finished","message":"n8n.node.finished","payload":{"workflowId":"2Yn2cUTn5kHz1TwR","workflowName":"1 - Ingest","executionId":"46","nodeType":"n8n-nodes-base.code","nodeName":"Pick Best","nodeId":"e8d17356-4a27-410f-b0b4-e32e900ccbe9"}}
{"__type":"$$EventMessageConfirm","confirm":"efe55e1b-8b4a-49a9-82e1-e8bd1342c5f6","ts":"2026-06-27T23:04:16.194+05:30","source":{"id":"0","name":"eventBus"}}
{"__type":"$$EventMessageNode","id":"1628fa3f-e961-4400-b4b1-c0dd5ff817e4","ts":"2026-06-27T23:04:16.194+05:30","eventName":"n8n.node.started","message":"n8n.node.started","payload":{"workflowId":"2Yn2cUTn5kHz1TwR","workflowName":"1 - Ingest","executionId":"46","nodeType":"n8n-nodes-base.httpRequest","nodeName":"Render Clips","nodeId":"bf715d8d-73d3-4f75-8b3c-ded41b5cabe2"}}
{"__type":"$$EventMessageConfirm","confirm":"1628fa3f-e961-4400-b4b1-c0dd5ff817e4","ts":"2026-06-27T23:04:16.194+05:30","source":{"id":"0","name":"eventBus"}}
{"__type":"$$EventMessageNode","id":"4595e23e-2aca-4996-9937-3a93c745fe7e","ts":"2026-06-27T23:04:39.274+05:30","eventName":"n8n.node.finished","message":"n8n.node.finished","payload":{"workflowId":"2Yn2cUTn5kHz1TwR","workflowName":"1 - Ingest","executionId":"46","nodeType":"n8n-nodes-base.httpRequest","nodeName":"Render Clips","nodeId":"bf715d8d-73d3-4f75-8b3c-ded41b5cabe2"}}
{"__type":"$$EventMessageConfirm","confirm":"4595e23e-2aca-4996-9937-3a93c745fe7e","ts":"2026-06-27T23:04:39.274+05:30","source":{"id":"0","name":"eventBus"}}
{"__type":"$$EventMessageWorkflow","id":"6d691897-c814-4ea1-8180-9a4cad39fa35","ts":"2026-06-27T23:04:39.277+05:30","eventName":"n8n.workflow.success","message":"n8n.workflow.success","payload":{"userId":"08b17f02-b46c-4051-b17f-7819dfec7217","executionId":"46","success":true,"isManual":true,"mode":"manual","workflowId":"2Yn2cUTn5kHz1TwR","workflowName":"1 - Ingest","projectId":"0vysnRUpMYPI6Xcr","projectName":"Himanshu Chauhan <hichauhan.in@gmail.com>"}}
{"__type":"$$EventMessageConfirm","confirm":"6d691897-c814-4ea1-8180-9a4cad39fa35","ts":"2026-06-27T23:04:39.277+05:30","source":{"id":"0","name":"eventBus"}}
{"__type":"$$EventMessageAudit","id":"97ce8a32-7e31-440c-9a68-75b4d013ce36","ts":"2026-06-27T23:49:46.417+05:30","eventName":"n8n.audit.workflow.executed","message":"n8n.audit.workflow.executed","payload":{"userId":"08b17f02-b46c-4051-b17f-7819dfec7217","_email":"hichauhan.in@gmail.com","_firstName":"Himanshu","_lastName":"Chauhan","globalRole":"global:owner","workflowId":"2Yn2cUTn5kHz1TwR","workflowName":"1 - Ingest","executionId":"47","source":"user-manual"}}
{"__type":"$$EventMessageConfirm","confirm":"97ce8a32-7e31-440c-9a68-75b4d013ce36","ts":"2026-06-27T23:49:46.418+05:30","source":{"id":"0","name":"eventBus"}}
{"__type":"$$EventMessageWorkflow","id":"3cda9940-fbeb-479c-9fe6-69266a68875f","ts":"2026-06-27T23:49:46.419+05:30","eventName":"n8n.workflow.started","message":"n8n.workflow.started","payload":{"executionId":"47","workflowId":"2Yn2cUTn5kHz1TwR","isManual":false,"mode":"manual","workflowName":"1 - Ingest","projectId":"0vysnRUpMYPI6Xcr","projectName":"Himanshu Chauhan <hichauhan.in@gmail.com>"}}
{"__type":"$$EventMessageConfirm","confirm":"3cda9940-fbeb-479c-9fe6-69266a68875f","ts":"2026-06-27T23:49:46.419+05:30","source":{"id":"0","name":"eventBus"}}
{"__type":"$$EventMessageNode","id":"0fc3b993-247a-42e2-b7fd-b2faad242404","ts":"2026-06-27T23:49:46.426+05:30","eventName":"n8n.node.started","message":"n8n.node.started","payload":{"workflowId":"2Yn2cUTn5kHz1TwR","workflowName":"1 - Ingest","executionId":"47","nodeType":"n8n-nodes-base.manualTrigger","nodeName":"Manual Start","nodeId":"5e6aaec7-c389-4d53-90fd-dd561a5b0366"}}
{"__type":"$$EventMessageConfirm","confirm":"0fc3b993-247a-42e2-b7fd-b2faad242404","ts":"2026-06-27T23:49:46.426+05:30","source":{"id":"0","name":"eventBus"}}
{"__type":"$$EventMessageNode","id":"7d2be8ec-b678-43eb-933d-28f6d6af42d0","ts":"2026-06-27T23:49:46.427+05:30","eventName":"n8n.node.finished","message":"n8n.node.finished","payload":{"workflowId":"2Yn2cUTn5kHz1TwR","workflowName":"1 - Ingest","executionId":"47","nodeType":"n8n-nodes-base.manualTrigger","nodeName":"Manual Start","nodeId":"5e6aaec7-c389-4d53-90fd-dd561a5b0366"}}
{"__type":"$$EventMessageConfirm","confirm":"7d2be8ec-b678-43eb-933d-28f6d6af42d0","ts":"2026-06-27T23:49:46.427+05:30","source":{"id":"0","name":"eventBus"}}
{"__type":"$$EventMessageNode","id":"bbbc9abe-a420-4bc6-b7c4-e77366129c8a","ts":"2026-06-27T23:49:46.428+05:30","eventName":"n8n.node.started","message":"n8n.node.started","payload":{"workflowId":"2Yn2cUTn5kHz1TwR","workflowName":"1 - Ingest","executionId":"47","nodeType":"n8n-nodes-base.httpRequest","nodeName":"Claim Clip","nodeId":"dffdb19b-7427-4b9e-8dc7-9d60569cb8c1"}}
{"__type":"$$EventMessageConfirm","confirm":"bbbc9abe-a420-4bc6-b7c4-e77366129c8a","ts":"2026-06-27T23:49:46.428+05:30","source":{"id":"0","name":"eventBus"}}
{"__type":"$$EventMessageNode","id":"f7e2eff3-320f-4cb4-949d-aa807aeb827c","ts":"2026-06-27T23:49:46.453+05:30","eventName":"n8n.node.finished","message":"n8n.node.finished","payload":{"workflowId":"2Yn2cUTn5kHz1TwR","workflowName":"1 - Ingest","executionId":"47","nodeType":"n8n-nodes-base.httpRequest","nodeName":"Claim Clip","nodeId":"dffdb19b-7427-4b9e-8dc7-9d60569cb8c1"}}
{"__type":"$$EventMessageConfirm","confirm":"f7e2eff3-320f-4cb4-949d-aa807aeb827c","ts":"2026-06-27T23:49:46.453+05:30","source":{"id":"0","name":"eventBus"}}
{"__type":"$$EventMessageNode","id":"bdf1ffb1-e41a-41dc-8b8f-57b6db66fb72","ts":"2026-06-27T23:49:46.454+05:30","eventName":"n8n.node.started","message":"n8n.node.started","payload":{"workflowId":"2Yn2cUTn5kHz1TwR","workflowName":"1 - Ingest","executionId":"47","nodeType":"n8n-nodes-base.if","nodeName":"Got a clip?","nodeId":"c3685f1f-9c4e-46ca-9232-372a4643a949"}}
{"__type":"$$EventMessageConfirm","confirm":"bdf1ffb1-e41a-41dc-8b8f-57b6db66fb72","ts":"2026-06-27T23:49:46.454+05:30","source":{"id":"0","name":"eventBus"}}
{"__type":"$$EventMessageNode","id":"53717170-2ceb-446b-8b67-755f26553350","ts":"2026-06-27T23:49:46.456+05:30","eventName":"n8n.node.finished","message":"n8n.node.finished","payload":{"workflowId":"2Yn2cUTn5kHz1TwR","workflowName":"1 - Ingest","executionId":"47","nodeType":"n8n-nodes-base.if","nodeName":"Got a clip?","nodeId":"c3685f1f-9c4e-46ca-9232-372a4643a949"}}
{"__type":"$$EventMessageConfirm","confirm":"53717170-2ceb-446b-8b67-755f26553350","ts":"2026-06-27T23:49:46.456+05:30","source":{"id":"0","name":"eventBus"}}
{"__type":"$$EventMessageNode","id":"55f8803b-732a-43ad-9649-4a443c432b9a","ts":"2026-06-27T23:49:46.457+05:30","eventName":"n8n.node.started","message":"n8n.node.started","payload":{"workflowId":"2Yn2cUTn5kHz1TwR","workflowName":"1 - Ingest","executionId":"47","nodeType":"n8n-nodes-base.httpRequest","nodeName":"Probe","nodeId":"0a7641df-3f5c-49c5-bd04-79a99bf62ed7"}}
{"__type":"$$EventMessageConfirm","confirm":"55f8803b-732a-43ad-9649-4a443c432b9a","ts":"2026-06-27T23:49:46.457+05:30","source":{"id":"0","name":"eventBus"}}
{"__type":"$$EventMessageNode","id":"d7b8e145-056f-44de-9d7d-e985b5c714b5","ts":"2026-06-27T23:49:46.782+05:30","eventName":"n8n.node.finished","message":"n8n.node.finished","payload":{"workflowId":"2Yn2cUTn5kHz1TwR","workflowName":"1 - Ingest","executionId":"47","nodeType":"n8n-nodes-base.httpRequest","nodeName":"Probe","nodeId":"0a7641df-3f5c-49c5-bd04-79a99bf62ed7"}}
{"__type":"$$EventMessageConfirm","confirm":"d7b8e145-056f-44de-9d7d-e985b5c714b5","ts":"2026-06-27T23:49:46.782+05:30","source":{"id":"0","name":"eventBus"}}
{"__type":"$$EventMessageNode","id":"44168801-ea95-4cf6-958b-b854b2dcd079","ts":"2026-06-27T23:49:46.783+05:30","eventName":"n8n.node.started","message":"n8n.node.started","payload":{"workflowId":"2Yn2cUTn5kHz1TwR","workflowName":"1 - Ingest","executionId":"47","nodeType":"n8n-nodes-base.set","nodeName":"Job Info","nodeId":"c6ead296-6dcf-4bc0-9621-26be44e3cf39"}}
{"__type":"$$EventMessageConfirm","confirm":"44168801-ea95-4cf6-958b-b854b2dcd079","ts":"2026-06-27T23:49:46.783+05:30","source":{"id":"0","name":"eventBus"}}
{"__type":"$$EventMessageNode","id":"ddcd4be7-63db-402b-a986-51a7775f38d1","ts":"2026-06-27T23:49:46.786+05:30","eventName":"n8n.node.finished","message":"n8n.node.finished","payload":{"workflowId":"2Yn2cUTn5kHz1TwR","workflowName":"1 - Ingest","executionId":"47","nodeType":"n8n-nodes-base.set","nodeName":"Job Info","nodeId":"c6ead296-6dcf-4bc0-9621-26be44e3cf39"}}
{"__type":"$$EventMessageConfirm","confirm":"ddcd4be7-63db-402b-a986-51a7775f38d1","ts":"2026-06-27T23:49:46.786+05:30","source":{"id":"0","name":"eventBus"}}
{"__type":"$$EventMessageNode","id":"91c47897-6e65-4b6d-917f-86325b2f9d44","ts":"2026-06-27T23:49:46.786+05:30","eventName":"n8n.node.started","message":"n8n.node.started","payload":{"workflowId":"2Yn2cUTn5kHz1TwR","workflowName":"1 - Ingest","executionId":"47","nodeType":"n8n-nodes-base.httpRequest","nodeName":"Find Best Moments","nodeId":"a1396e57-fe60-4e02-9e61-83b3311dc363"}}
{"__type":"$$EventMessageConfirm","confirm":"91c47897-6e65-4b6d-917f-86325b2f9d44","ts":"2026-06-27T23:49:46.786+05:30","source":{"id":"0","name":"eventBus"}}
{"__type":"$$EventMessageNode","id":"0bacc6df-2ad0-44a3-a7be-bb9d5909f247","ts":"2026-06-27T23:54:46.795+05:30","eventName":"n8n.node.finished","message":"n8n.node.finished","payload":{"workflowId":"2Yn2cUTn5kHz1TwR","workflowName":"1 - Ingest","executionId":"47","nodeType":"n8n-nodes-base.httpRequest","nodeName":"Find Best Moments","nodeId":"a1396e57-fe60-4e02-9e61-83b3311dc363"}}
{"__type":"$$EventMessageConfirm","confirm":"0bacc6df-2ad0-44a3-a7be-bb9d5909f247","ts":"2026-06-27T23:54:46.796+05:30","source":{"id":"0","name":"eventBus"}}
{"__type":"$$EventMessageWorkflow","id":"9e955fe1-ff8b-4782-aea7-0c75a8d779cb","ts":"2026-06-27T23:54:46.802+05:30","eventName":"n8n.workflow.failed","message":"n8n.workflow.failed","payload":{"userId":"08b17f02-b46c-4051-b17f-7819dfec7217","executionId":"47","success":false,"isManual":true,"mode":"manual","workflowId":"2Yn2cUTn5kHz1TwR","workflowName":"1 - Ingest","projectId":"0vysnRUpMYPI6Xcr","projectName":"Himanshu Chauhan <hichauhan.in@gmail.com>","lastNodeExecuted":"Find Best Moments","errorNodeType":"n8n-nodes-base.httpRequest","errorMessage":"The connection was aborted, perhaps the server is offline"}}
{"__type":"$$EventMessageConfirm","confirm":"9e955fe1-ff8b-4782-aea7-0c75a8d779cb","ts":"2026-06-27T23:54:46.802+05:30","source":{"id":"0","name":"eventBus"}}
{"__type":"$$EventMessageAudit","id":"bea298a8-bff2-4799-bdcf-5a5986d1475c","ts":"2026-06-27T23:58:24.792+05:30","eventName":"n8n.audit.workflow.executed","message":"n8n.audit.workflow.executed","payload":{"userId":"08b17f02-b46c-4051-b17f-7819dfec7217","_email":"hichauhan.in@gmail.com","_firstName":"Himanshu","_lastName":"Chauhan","globalRole":"global:owner","workflowId":"2Yn2cUTn5kHz1TwR","workflowName":"1 - Ingest","executionId":"48","source":"user-manual"}}
{"__type":"$$EventMessageConfirm","confirm":"bea298a8-bff2-4799-bdcf-5a5986d1475c","ts":"2026-06-27T23:58:24.792+05:30","source":{"id":"0","name":"eventBus"}}
{"__type":"$$EventMessageWorkflow","id":"30788a0e-ef1c-40c5-a45c-ab2411d784e9","ts":"2026-06-27T23:58:24.793+05:30","eventName":"n8n.workflow.started","message":"n8n.workflow.started","payload":{"executionId":"48","workflowId":"2Yn2cUTn5kHz1TwR","isManual":false,"mode":"manual","workflowName":"1 - Ingest","projectId":"0vysnRUpMYPI6Xcr","projectName":"Himanshu Chauhan <hichauhan.in@gmail.com>"}}
{"__type":"$$EventMessageConfirm","confirm":"30788a0e-ef1c-40c5-a45c-ab2411d784e9","ts":"2026-06-27T23:58:24.793+05:30","source":{"id":"0","name":"eventBus"}}
{"__type":"$$EventMessageNode","id":"e03616e3-223a-4ba3-8875-e186842d1d3a","ts":"2026-06-27T23:58:24.800+05:30","eventName":"n8n.node.started","message":"n8n.node.started","payload":{"workflowId":"2Yn2cUTn5kHz1TwR","workflowName":"1 - Ingest","executionId":"48","nodeType":"n8n-nodes-base.manualTrigger","nodeName":"Manual Start","nodeId":"5e6aaec7-c389-4d53-90fd-dd561a5b0366"}}
{"__type":"$$EventMessageConfirm","confirm":"e03616e3-223a-4ba3-8875-e186842d1d3a","ts":"2026-06-27T23:58:24.800+05:30","source":{"id":"0","name":"eventBus"}}
{"__type":"$$EventMessageNode","id":"87ed0b3b-5740-4a73-9cb4-5b98462627b9","ts":"2026-06-27T23:58:24.800+05:30","eventName":"n8n.node.finished","message":"n8n.node.finished","payload":{"workflowId":"2Yn2cUTn5kHz1TwR","workflowName":"1 - Ingest","executionId":"48","nodeType":"n8n-nodes-base.manualTrigger","nodeName":"Manual Start","nodeId":"5e6aaec7-c389-4d53-90fd-dd561a5b0366"}}
{"__type":"$$EventMessageConfirm","confirm":"87ed0b3b-5740-4a73-9cb4-5b98462627b9","ts":"2026-06-27T23:58:24.800+05:30","source":{"id":"0","name":"eventBus"}}
{"__type":"$$EventMessageNode","id":"911a438c-2252-413d-83c4-2e5c85621773","ts":"2026-06-27T23:58:24.801+05:30","eventName":"n8n.node.started","message":"n8n.node.started","payload":{"workflowId":"2Yn2cUTn5kHz1TwR","workflowName":"1 - Ingest","executionId":"48","nodeType":"n8n-nodes-base.httpRequest","nodeName":"Claim Clip","nodeId":"dffdb19b-7427-4b9e-8dc7-9d60569cb8c1"}}
{"__type":"$$EventMessageConfirm","confirm":"911a438c-2252-413d-83c4-2e5c85621773","ts":"2026-06-27T23:58:24.801+05:30","source":{"id":"0","name":"eventBus"}}
{"__type":"$$EventMessageNode","id":"70117fb7-4446-4a60-bd98-9d600874d42c","ts":"2026-06-27T23:58:24.818+05:30","eventName":"n8n.node.finished","message":"n8n.node.finished","payload":{"workflowId":"2Yn2cUTn5kHz1TwR","workflowName":"1 - Ingest","executionId":"48","nodeType":"n8n-nodes-base.httpRequest","nodeName":"Claim Clip","nodeId":"dffdb19b-7427-4b9e-8dc7-9d60569cb8c1"}}
{"__type":"$$EventMessageConfirm","confirm":"70117fb7-4446-4a60-bd98-9d600874d42c","ts":"2026-06-27T23:58:24.818+05:30","source":{"id":"0","name":"eventBus"}}
{"__type":"$$EventMessageNode","id":"fc42c38b-3067-4e03-8cf9-7f6ee2a7534f","ts":"2026-06-27T23:58:24.818+05:30","eventName":"n8n.node.started","message":"n8n.node.started","payload":{"workflowId":"2Yn2cUTn5kHz1TwR","workflowName":"1 - Ingest","executionId":"48","nodeType":"n8n-nodes-base.if","nodeName":"Got a clip?","nodeId":"c3685f1f-9c4e-46ca-9232-372a4643a949"}}
{"__type":"$$EventMessageConfirm","confirm":"fc42c38b-3067-4e03-8cf9-7f6ee2a7534f","ts":"2026-06-27T23:58:24.818+05:30","source":{"id":"0","name":"eventBus"}}
{"__type":"$$EventMessageNode","id":"56199cf2-c5d9-4d0e-993f-77691b6e481b","ts":"2026-06-27T23:58:24.819+05:30","eventName":"n8n.node.finished","message":"n8n.node.finished","payload":{"workflowId":"2Yn2cUTn5kHz1TwR","workflowName":"1 - Ingest","executionId":"48","nodeType":"n8n-nodes-base.if","nodeName":"Got a clip?","nodeId":"c3685f1f-9c4e-46ca-9232-372a4643a949"}}
{"__type":"$$EventMessageConfirm","confirm":"56199cf2-c5d9-4d0e-993f-77691b6e481b","ts":"2026-06-27T23:58:24.819+05:30","source":{"id":"0","name":"eventBus"}}
{"__type":"$$EventMessageNode","id":"6a22bbb6-561a-4a87-aa7f-3c244b483ff4","ts":"2026-06-27T23:58:24.819+05:30","eventName":"n8n.node.started","message":"n8n.node.started","payload":{"workflowId":"2Yn2cUTn5kHz1TwR","workflowName":"1 - Ingest","executionId":"48","nodeType":"n8n-nodes-base.httpRequest","nodeName":"Probe","nodeId":"0a7641df-3f5c-49c5-bd04-79a99bf62ed7"}}
{"__type":"$$EventMessageConfirm","confirm":"6a22bbb6-561a-4a87-aa7f-3c244b483ff4","ts":"2026-06-27T23:58:24.819+05:30","source":{"id":"0","name":"eventBus"}}
{"__type":"$$EventMessageNode","id":"6ea71352-cb94-47fd-b2ed-373c11354a83","ts":"2026-06-27T23:58:24.894+05:30","eventName":"n8n.node.finished","message":"n8n.node.finished","payload":{"workflowId":"2Yn2cUTn5kHz1TwR","workflowName":"1 - Ingest","executionId":"48","nodeType":"n8n-nodes-base.httpRequest","nodeName":"Probe","nodeId":"0a7641df-3f5c-49c5-bd04-79a99bf62ed7"}}
{"__type":"$$EventMessageConfirm","confirm":"6ea71352-cb94-47fd-b2ed-373c11354a83","ts":"2026-06-27T23:58:24.894+05:30","source":{"id":"0","name":"eventBus"}}
{"__type":"$$EventMessageNode","id":"271f5d1c-5250-45f0-8900-572a3479060d","ts":"2026-06-27T23:58:24.894+05:30","eventName":"n8n.node.started","message":"n8n.node.started","payload":{"workflowId":"2Yn2cUTn5kHz1TwR","workflowName":"1 - Ingest","executionId":"48","nodeType":"n8n-nodes-base.set","nodeName":"Job Info","nodeId":"c6ead296-6dcf-4bc0-9621-26be44e3cf39"}}
{"__type":"$$EventMessageConfirm","confirm":"271f5d1c-5250-45f0-8900-572a3479060d","ts":"2026-06-27T23:58:24.894+05:30","source":{"id":"0","name":"eventBus"}}
{"__type":"$$EventMessageNode","id":"86b3c54f-42f8-4d8e-8cb7-cd4b3b3c40ed","ts":"2026-06-27T23:58:24.897+05:30","eventName":"n8n.node.finished","message":"n8n.node.finished","payload":{"workflowId":"2Yn2cUTn5kHz1TwR","workflowName":"1 - Ingest","executionId":"48","nodeType":"n8n-nodes-base.set","nodeName":"Job Info","nodeId":"c6ead296-6dcf-4bc0-9621-26be44e3cf39"}}
{"__type":"$$EventMessageConfirm","confirm":"86b3c54f-42f8-4d8e-8cb7-cd4b3b3c40ed","ts":"2026-06-27T23:58:24.897+05:30","source":{"id":"0","name":"eventBus"}}
{"__type":"$$EventMessageNode","id":"0feaae05-9582-4e8c-b906-3d083e012530","ts":"2026-06-27T23:58:24.897+05:30","eventName":"n8n.node.started","message":"n8n.node.started","payload":{"workflowId":"2Yn2cUTn5kHz1TwR","workflowName":"1 - Ingest","executionId":"48","nodeType":"n8n-nodes-base.httpRequest","nodeName":"Find Best Moments","nodeId":"a1396e57-fe60-4e02-9e61-83b3311dc363"}}
{"__type":"$$EventMessageConfirm","confirm":"0feaae05-9582-4e8c-b906-3d083e012530","ts":"2026-06-27T23:58:24.897+05:30","source":{"id":"0","name":"eventBus"}}
{"__type":"$$EventMessageNode","id":"a0602482-23e2-407f-9eb6-d63a98241218","ts":"2026-06-28T00:02:57.706+05:30","eventName":"n8n.node.finished","message":"n8n.node.finished","payload":{"workflowId":"2Yn2cUTn5kHz1TwR","workflowName":"1 - Ingest","executionId":"48","nodeType":"n8n-nodes-base.httpRequest","nodeName":"Find Best Moments","nodeId":"a1396e57-fe60-4e02-9e61-83b3311dc363"}}
{"__type":"$$EventMessageConfirm","confirm":"a0602482-23e2-407f-9eb6-d63a98241218","ts":"2026-06-28T00:02:57.706+05:30","source":{"id":"0","name":"eventBus"}}
{"__type":"$$EventMessageNode","id":"c1661cbb-db95-4c75-b252-fe78be29da54","ts":"2026-06-28T00:02:57.706+05:30","eventName":"n8n.node.started","message":"n8n.node.started","payload":{"workflowId":"2Yn2cUTn5kHz1TwR","workflowName":"1 - Ingest","executionId":"48","nodeType":"n8n-nodes-base.code","nodeName":"Pick Best","nodeId":"e8d17356-4a27-410f-b0b4-e32e900ccbe9"}}
{"__type":"$$EventMessageConfirm","confirm":"c1661cbb-db95-4c75-b252-fe78be29da54","ts":"2026-06-28T00:02:57.706+05:30","source":{"id":"0","name":"eventBus"}}
{"__type":"$$EventMessageRunner","id":"e9cd4c3f-7c52-4e14-be9d-8f578b7cbed9","ts":"2026-06-28T00:02:57.712+05:30","eventName":"n8n.runner.task.requested","message":"n8n.runner.task.requested","payload":{"taskId":"y_8vwX0i","nodeId":"e8d17356-4a27-410f-b0b4-e32e900ccbe9","workflowId":"2Yn2cUTn5kHz1TwR","executionId":"48"}}
{"__type":"$$EventMessageConfirm","confirm":"e9cd4c3f-7c52-4e14-be9d-8f578b7cbed9","ts":"2026-06-28T00:02:57.712+05:30","source":{"id":"0","name":"eventBus"}}
{"__type":"$$EventMessageRunner","id":"795f160e-9776-40f4-bf98-be20623166f0","ts":"2026-06-28T00:02:57.745+05:30","eventName":"n8n.runner.response.received","message":"n8n.runner.response.received","payload":{"taskId":"y_8vwX0i","nodeId":"e8d17356-4a27-410f-b0b4-e32e900ccbe9","workflowId":"2Yn2cUTn5kHz1TwR","executionId":"48"}}
{"__type":"$$EventMessageConfirm","confirm":"795f160e-9776-40f4-bf98-be20623166f0","ts":"2026-06-28T00:02:57.745+05:30","source":{"id":"0","name":"eventBus"}}
{"__type":"$$EventMessageNode","id":"d41af40a-758a-4c1f-863f-547f94ca3c20","ts":"2026-06-28T00:02:57.745+05:30","eventName":"n8n.node.finished","message":"n8n.node.finished","payload":{"workflowId":"2Yn2cUTn5kHz1TwR","workflowName":"1 - Ingest","executionId":"48","nodeType":"n8n-nodes-base.code","nodeName":"Pick Best","nodeId":"e8d17356-4a27-410f-b0b4-e32e900ccbe9"}}
{"__type":"$$EventMessageConfirm","confirm":"d41af40a-758a-4c1f-863f-547f94ca3c20","ts":"2026-06-28T00:02:57.745+05:30","source":{"id":"0","name":"eventBus"}}
{"__type":"$$EventMessageNode","id":"add2aadb-0137-47ca-987c-66c4ef5ea2ae","ts":"2026-06-28T00:02:57.745+05:30","eventName":"n8n.node.started","message":"n8n.node.started","payload":{"workflowId":"2Yn2cUTn5kHz1TwR","workflowName":"1 - Ingest","executionId":"48","nodeType":"n8n-nodes-base.httpRequest","nodeName":"Render Clips","nodeId":"bf715d8d-73d3-4f75-8b3c-ded41b5cabe2"}}
{"__type":"$$EventMessageConfirm","confirm":"add2aadb-0137-47ca-987c-66c4ef5ea2ae","ts":"2026-06-28T00:02:57.745+05:30","source":{"id":"0","name":"eventBus"}}
{"__type":"$$EventMessageNode","id":"9898e83d-25fb-49e4-8b2c-5bbf34c9e8f8","ts":"2026-06-28T00:03:21.853+05:30","eventName":"n8n.node.finished","message":"n8n.node.finished","payload":{"workflowId":"2Yn2cUTn5kHz1TwR","workflowName":"1 - Ingest","executionId":"48","nodeType":"n8n-nodes-base.httpRequest","nodeName":"Render Clips","nodeId":"bf715d8d-73d3-4f75-8b3c-ded41b5cabe2"}}
{"__type":"$$EventMessageConfirm","confirm":"9898e83d-25fb-49e4-8b2c-5bbf34c9e8f8","ts":"2026-06-28T00:03:21.853+05:30","source":{"id":"0","name":"eventBus"}}
{"__type":"$$EventMessageWorkflow","id":"a596d167-2bce-487e-aa2d-0f7b237688ee","ts":"2026-06-28T00:03:21.855+05:30","eventName":"n8n.workflow.success","message":"n8n.workflow.success","payload":{"userId":"08b17f02-b46c-4051-b17f-7819dfec7217","executionId":"48","success":true,"isManual":true,"mode":"manual","workflowId":"2Yn2cUTn5kHz1TwR","workflowName":"1 - Ingest","projectId":"0vysnRUpMYPI6Xcr","projectName":"Himanshu Chauhan <hichauhan.in@gmail.com>"}}
{"__type":"$$EventMessageConfirm","confirm":"a596d167-2bce-487e-aa2d-0f7b237688ee","ts":"2026-06-28T00:03:21.855+05:30","source":{"id":"0","name":"eventBus"}}
{"__type":"$$EventMessageAudit","id":"509a1b0a-a9d2-4e3e-8cae-f11088c7bb03","ts":"2026-06-28T00:04:54.971+05:30","eventName":"n8n.audit.workflow.executed","message":"n8n.audit.workflow.executed","payload":{"userId":"08b17f02-b46c-4051-b17f-7819dfec7217","_email":"hichauhan.in@gmail.com","_firstName":"Himanshu","_lastName":"Chauhan","globalRole":"global:owner","workflowId":"2Yn2cUTn5kHz1TwR","workflowName":"1 - Ingest","executionId":"49","source":"user-manual"}}
{"__type":"$$EventMessageConfirm","confirm":"509a1b0a-a9d2-4e3e-8cae-f11088c7bb03","ts":"2026-06-28T00:04:54.971+05:30","source":{"id":"0","name":"eventBus"}}
{"__type":"$$EventMessageWorkflow","id":"8dc6dbfb-1f37-4fb3-b48d-6b288e4dd55b","ts":"2026-06-28T00:04:54.984+05:30","eventName":"n8n.workflow.started","message":"n8n.workflow.started","payload":{"executionId":"49","workflowId":"2Yn2cUTn5kHz1TwR","isManual":false,"mode":"manual","workflowName":"1 - Ingest","projectId":"0vysnRUpMYPI6Xcr","projectName":"Himanshu Chauhan <hichauhan.in@gmail.com>"}}
{"__type":"$$EventMessageConfirm","confirm":"8dc6dbfb-1f37-4fb3-b48d-6b288e4dd55b","ts":"2026-06-28T00:04:54.984+05:30","source":{"id":"0","name":"eventBus"}}
{"__type":"$$EventMessageNode","id":"8a58724a-c14b-48ce-9a6f-6174613640b1","ts":"2026-06-28T00:04:54.989+05:30","eventName":"n8n.node.started","message":"n8n.node.started","payload":{"workflowId":"2Yn2cUTn5kHz1TwR","workflowName":"1 - Ingest","executionId":"49","nodeType":"n8n-nodes-base.manualTrigger","nodeName":"Manual Start","nodeId":"5e6aaec7-c389-4d53-90fd-dd561a5b0366"}}
{"__type":"$$EventMessageConfirm","confirm":"8a58724a-c14b-48ce-9a6f-6174613640b1","ts":"2026-06-28T00:04:54.989+05:30","source":{"id":"0","name":"eventBus"}}
{"__type":"$$EventMessageNode","id":"68e55821-de34-439b-8c63-f3dc76eb35d0","ts":"2026-06-28T00:04:54.990+05:30","eventName":"n8n.node.finished","message":"n8n.node.finished","payload":{"workflowId":"2Yn2cUTn5kHz1TwR","workflowName":"1 - Ingest","executionId":"49","nodeType":"n8n-nodes-base.manualTrigger","nodeName":"Manual Start","nodeId":"5e6aaec7-c389-4d53-90fd-dd561a5b0366"}}
{"__type":"$$EventMessageConfirm","confirm":"68e55821-de34-439b-8c63-f3dc76eb35d0","ts":"2026-06-28T00:04:54.990+05:30","source":{"id":"0","name":"eventBus"}}
{"__type":"$$EventMessageNode","id":"1d16f4f4-570f-4ccd-9df9-07627f56cd28","ts":"2026-06-28T00:04:54.990+05:30","eventName":"n8n.node.started","message":"n8n.node.started","payload":{"workflowId":"2Yn2cUTn5kHz1TwR","workflowName":"1 - Ingest","executionId":"49","nodeType":"n8n-nodes-base.httpRequest","nodeName":"Claim Clip","nodeId":"dffdb19b-7427-4b9e-8dc7-9d60569cb8c1"}}
{"__type":"$$EventMessageConfirm","confirm":"1d16f4f4-570f-4ccd-9df9-07627f56cd28","ts":"2026-06-28T00:04:54.990+05:30","source":{"id":"0","name":"eventBus"}}
{"__type":"$$EventMessageNode","id":"c9316654-65fd-4b58-be4f-37884ba28b86","ts":"2026-06-28T00:04:55.002+05:30","eventName":"n8n.node.finished","message":"n8n.node.finished","payload":{"workflowId":"2Yn2cUTn5kHz1TwR","workflowName":"1 - Ingest","executionId":"49","nodeType":"n8n-nodes-base.httpRequest","nodeName":"Claim Clip","nodeId":"dffdb19b-7427-4b9e-8dc7-9d60569cb8c1"}}
{"__type":"$$EventMessageConfirm","confirm":"c9316654-65fd-4b58-be4f-37884ba28b86","ts":"2026-06-28T00:04:55.003+05:30","source":{"id":"0","name":"eventBus"}}
{"__type":"$$EventMessageNode","id":"e78f4044-2bb7-4596-80d1-f3099969c385","ts":"2026-06-28T00:04:55.003+05:30","eventName":"n8n.node.started","message":"n8n.node.started","payload":{"workflowId":"2Yn2cUTn5kHz1TwR","workflowName":"1 - Ingest","executionId":"49","nodeType":"n8n-nodes-base.if","nodeName":"Got a clip?","nodeId":"c3685f1f-9c4e-46ca-9232-372a4643a949"}}
{"__type":"$$EventMessageConfirm","confirm":"e78f4044-2bb7-4596-80d1-f3099969c385","ts":"2026-06-28T00:04:55.003+05:30","source":{"id":"0","name":"eventBus"}}
{"__type":"$$EventMessageNode","id":"2b24aa8c-36f9-4937-8743-1c9672ec9532","ts":"2026-06-28T00:04:55.003+05:30","eventName":"n8n.node.finished","message":"n8n.node.finished","payload":{"workflowId":"2Yn2cUTn5kHz1TwR","workflowName":"1 - Ingest","executionId":"49","nodeType":"n8n-nodes-base.if","nodeName":"Got a clip?","nodeId":"c3685f1f-9c4e-46ca-9232-372a4643a949"}}
{"__type":"$$EventMessageConfirm","confirm":"2b24aa8c-36f9-4937-8743-1c9672ec9532","ts":"2026-06-28T00:04:55.003+05:30","source":{"id":"0","name":"eventBus"}}
{"__type":"$$EventMessageNode","id":"acab2038-49fe-465e-808e-c8445116be12","ts":"2026-06-28T00:04:55.004+05:30","eventName":"n8n.node.started","message":"n8n.node.started","payload":{"workflowId":"2Yn2cUTn5kHz1TwR","workflowName":"1 - Ingest","executionId":"49","nodeType":"n8n-nodes-base.httpRequest","nodeName":"Probe","nodeId":"0a7641df-3f5c-49c5-bd04-79a99bf62ed7"}}
{"__type":"$$EventMessageConfirm","confirm":"acab2038-49fe-465e-808e-c8445116be12","ts":"2026-06-28T00:04:55.004+05:30","source":{"id":"0","name":"eventBus"}}
{"__type":"$$EventMessageNode","id":"1b1c6b87-232b-484d-9d76-44d06048b1b2","ts":"2026-06-28T00:04:55.072+05:30","eventName":"n8n.node.finished","message":"n8n.node.finished","payload":{"workflowId":"2Yn2cUTn5kHz1TwR","workflowName":"1 - Ingest","executionId":"49","nodeType":"n8n-nodes-base.httpRequest","nodeName":"Probe","nodeId":"0a7641df-3f5c-49c5-bd04-79a99bf62ed7"}}
{"__type":"$$EventMessageConfirm","confirm":"1b1c6b87-232b-484d-9d76-44d06048b1b2","ts":"2026-06-28T00:04:55.072+05:30","source":{"id":"0","name":"eventBus"}}
{"__type":"$$EventMessageNode","id":"b69df641-bfea-4a64-a8e2-43255bf20a56","ts":"2026-06-28T00:04:55.073+05:30","eventName":"n8n.node.started","message":"n8n.node.started","payload":{"workflowId":"2Yn2cUTn5kHz1TwR","workflowName":"1 - Ingest","executionId":"49","nodeType":"n8n-nodes-base.set","nodeName":"Job Info","nodeId":"c6ead296-6dcf-4bc0-9621-26be44e3cf39"}}
{"__type":"$$EventMessageConfirm","confirm":"b69df641-bfea-4a64-a8e2-43255bf20a56","ts":"2026-06-28T00:04:55.073+05:30","source":{"id":"0","name":"eventBus"}}
{"__type":"$$EventMessageNode","id":"ca448564-1adf-4a3c-ac50-30b7d39b219d","ts":"2026-06-28T00:04:55.074+05:30","eventName":"n8n.node.finished","message":"n8n.node.finished","payload":{"workflowId":"2Yn2cUTn5kHz1TwR","workflowName":"1 - Ingest","executionId":"49","nodeType":"n8n-nodes-base.set","nodeName":"Job Info","nodeId":"c6ead296-6dcf-4bc0-9621-26be44e3cf39"}}
{"__type":"$$EventMessageConfirm","confirm":"ca448564-1adf-4a3c-ac50-30b7d39b219d","ts":"2026-06-28T00:04:55.074+05:30","source":{"id":"0","name":"eventBus"}}
{"__type":"$$EventMessageNode","id":"ee549b4f-b281-443e-be53-5168fb604c9a","ts":"2026-06-28T00:04:55.074+05:30","eventName":"n8n.node.started","message":"n8n.node.started","payload":{"workflowId":"2Yn2cUTn5kHz1TwR","workflowName":"1 - Ingest","executionId":"49","nodeType":"n8n-nodes-base.httpRequest","nodeName":"Find Best Moments","nodeId":"a1396e57-fe60-4e02-9e61-83b3311dc363"}}
{"__type":"$$EventMessageConfirm","confirm":"ee549b4f-b281-443e-be53-5168fb604c9a","ts":"2026-06-28T00:04:55.074+05:30","source":{"id":"0","name":"eventBus"}}
{"__type":"$$EventMessageNode","id":"0caa269f-4ef5-43e5-acba-91650e132764","ts":"2026-06-28T00:08:48.814+05:30","eventName":"n8n.node.finished","message":"n8n.node.finished","payload":{"workflowId":"2Yn2cUTn5kHz1TwR","workflowName":"1 - Ingest","executionId":"49","nodeType":"n8n-nodes-base.httpRequest","nodeName":"Find Best Moments","nodeId":"a1396e57-fe60-4e02-9e61-83b3311dc363"}}
{"__type":"$$EventMessageConfirm","confirm":"0caa269f-4ef5-43e5-acba-91650e132764","ts":"2026-06-28T00:08:48.818+05:30","source":{"id":"0","name":"eventBus"}}
{"__type":"$$EventMessageNode","id":"d9f4765e-076b-4bf3-a542-5a390f578e3e","ts":"2026-06-28T00:08:48.821+05:30","eventName":"n8n.node.started","message":"n8n.node.started","payload":{"workflowId":"2Yn2cUTn5kHz1TwR","workflowName":"1 - Ingest","executionId":"49","nodeType":"n8n-nodes-base.code","nodeName":"Pick Best","nodeId":"e8d17356-4a27-410f-b0b4-e32e900ccbe9"}}
{"__type":"$$EventMessageConfirm","confirm":"d9f4765e-076b-4bf3-a542-5a390f578e3e","ts":"2026-06-28T00:08:48.821+05:30","source":{"id":"0","name":"eventBus"}}
{"__type":"$$EventMessageRunner","id":"180a1c0f-59ad-417d-9546-6ff07adf6370","ts":"2026-06-28T00:08:48.844+05:30","eventName":"n8n.runner.task.requested","message":"n8n.runner.task.requested","payload":{"taskId":"wbpK8Gj5","nodeId":"e8d17356-4a27-410f-b0b4-e32e900ccbe9","workflowId":"2Yn2cUTn5kHz1TwR","executionId":"49"}}
{"__type":"$$EventMessageConfirm","confirm":"180a1c0f-59ad-417d-9546-6ff07adf6370","ts":"2026-06-28T00:08:48.844+05:30","source":{"id":"0","name":"eventBus"}}
{"__type":"$$EventMessageRunner","id":"dee0e9cc-4d4f-465d-9e36-3e276d48aafb","ts":"2026-06-28T00:08:48.914+05:30","eventName":"n8n.runner.response.received","message":"n8n.runner.response.received","payload":{"taskId":"wbpK8Gj5","nodeId":"e8d17356-4a27-410f-b0b4-e32e900ccbe9","workflowId":"2Yn2cUTn5kHz1TwR","executionId":"49"}}
{"__type":"$$EventMessageConfirm","confirm":"dee0e9cc-4d4f-465d-9e36-3e276d48aafb","ts":"2026-06-28T00:08:48.914+05:30","source":{"id":"0","name":"eventBus"}}
{"__type":"$$EventMessageNode","id":"9dbf04da-5098-48a2-b052-0cea5f87c71c","ts":"2026-06-28T00:08:48.915+05:30","eventName":"n8n.node.finished","message":"n8n.node.finished","payload":{"workflowId":"2Yn2cUTn5kHz1TwR","workflowName":"1 - Ingest","executionId":"49","nodeType":"n8n-nodes-base.code","nodeName":"Pick Best","nodeId":"e8d17356-4a27-410f-b0b4-e32e900ccbe9"}}
{"__type":"$$EventMessageConfirm","confirm":"9dbf04da-5098-48a2-b052-0cea5f87c71c","ts":"2026-06-28T00:08:48.915+05:30","source":{"id":"0","name":"eventBus"}}
{"__type":"$$EventMessageNode","id":"a08eff1f-3906-40dc-bf39-f3ec85bd6568","ts":"2026-06-28T00:08:48.918+05:30","eventName":"n8n.node.started","message":"n8n.node.started","payload":{"workflowId":"2Yn2cUTn5kHz1TwR","workflowName":"1 - Ingest","executionId":"49","nodeType":"n8n-nodes-base.httpRequest","nodeName":"Render Clips","nodeId":"bf715d8d-73d3-4f75-8b3c-ded41b5cabe2"}}
{"__type":"$$EventMessageConfirm","confirm":"a08eff1f-3906-40dc-bf39-f3ec85bd6568","ts":"2026-06-28T00:08:48.918+05:30","source":{"id":"0","name":"eventBus"}}
{"__type":"$$EventMessageNode","id":"c9bcc2c3-9c81-41f4-bda4-e24234e943ae","ts":"2026-06-28T00:09:12.438+05:30","eventName":"n8n.node.finished","message":"n8n.node.finished","payload":{"workflowId":"2Yn2cUTn5kHz1TwR","workflowName":"1 - Ingest","executionId":"49","nodeType":"n8n-nodes-base.httpRequest","nodeName":"Render Clips","nodeId":"bf715d8d-73d3-4f75-8b3c-ded41b5cabe2"}}
{"__type":"$$EventMessageConfirm","confirm":"c9bcc2c3-9c81-41f4-bda4-e24234e943ae","ts":"2026-06-28T00:09:12.439+05:30","source":{"id":"0","name":"eventBus"}}
{"__type":"$$EventMessageWorkflow","id":"aac7d3e4-7514-49cf-af93-52b9c62db21d","ts":"2026-06-28T00:09:12.460+05:30","eventName":"n8n.workflow.success","message":"n8n.workflow.success","payload":{"userId":"08b17f02-b46c-4051-b17f-7819dfec7217","executionId":"49","success":true,"isManual":true,"mode":"manual","workflowId":"2Yn2cUTn5kHz1TwR","workflowName":"1 - Ingest","projectId":"0vysnRUpMYPI6Xcr","projectName":"Himanshu Chauhan <hichauhan.in@gmail.com>"}}
{"__type":"$$EventMessageConfirm","confirm":"aac7d3e4-7514-49cf-af93-52b9c62db21d","ts":"2026-06-28T00:09:12.460+05:30","source":{"id":"0","name":"eventBus"}}
