{"__type":"$$EventMessageAudit","id":"6738d553-0b29-4821-89ef-151762f3843d","ts":"2026-06-28T13:46:42.815+05:30","eventName":"n8n.audit.workflow.executed","message":"n8n.audit.workflow.executed","payload":{"userId":"08b17f02-b46c-4051-b17f-7819dfec7217","_email":"hichauhan.in@gmail.com","_firstName":"Himanshu","_lastName":"Chauhan","globalRole":"global:owner","workflowId":"2Yn2cUTn5kHz1TwR","workflowName":"1 - Ingest","executionId":"52","source":"user-manual"}}
{"__type":"$$EventMessageConfirm","confirm":"6738d553-0b29-4821-89ef-151762f3843d","ts":"2026-06-28T13:46:42.816+05:30","source":{"id":"0","name":"eventBus"}}
{"__type":"$$EventMessageWorkflow","id":"d2be38eb-eebc-4765-a1a8-5b201b666de6","ts":"2026-06-28T13:46:42.817+05:30","eventName":"n8n.workflow.started","message":"n8n.workflow.started","payload":{"executionId":"52","workflowId":"2Yn2cUTn5kHz1TwR","isManual":false,"mode":"manual","workflowName":"1 - Ingest","projectId":"0vysnRUpMYPI6Xcr","projectName":"Himanshu Chauhan <hichauhan.in@gmail.com>"}}
{"__type":"$$EventMessageConfirm","confirm":"d2be38eb-eebc-4765-a1a8-5b201b666de6","ts":"2026-06-28T13:46:42.818+05:30","source":{"id":"0","name":"eventBus"}}
{"__type":"$$EventMessageNode","id":"e580f45c-e060-4385-8530-90c81d7aa52b","ts":"2026-06-28T13:46:42.823+05:30","eventName":"n8n.node.started","message":"n8n.node.started","payload":{"workflowId":"2Yn2cUTn5kHz1TwR","workflowName":"1 - Ingest","executionId":"52","nodeType":"n8n-nodes-base.manualTrigger","nodeName":"Manual Start","nodeId":"5e6aaec7-c389-4d53-90fd-dd561a5b0366"}}
{"__type":"$$EventMessageConfirm","confirm":"e580f45c-e060-4385-8530-90c81d7aa52b","ts":"2026-06-28T13:46:42.823+05:30","source":{"id":"0","name":"eventBus"}}
{"__type":"$$EventMessageNode","id":"a838e176-98b5-4f56-86ff-2aef6351aa9f","ts":"2026-06-28T13:46:42.824+05:30","eventName":"n8n.node.finished","message":"n8n.node.finished","payload":{"workflowId":"2Yn2cUTn5kHz1TwR","workflowName":"1 - Ingest","executionId":"52","nodeType":"n8n-nodes-base.manualTrigger","nodeName":"Manual Start","nodeId":"5e6aaec7-c389-4d53-90fd-dd561a5b0366"}}
{"__type":"$$EventMessageConfirm","confirm":"a838e176-98b5-4f56-86ff-2aef6351aa9f","ts":"2026-06-28T13:46:42.824+05:30","source":{"id":"0","name":"eventBus"}}
{"__type":"$$EventMessageNode","id":"e3991f98-f76d-402c-a585-79d2e600f21c","ts":"2026-06-28T13:46:42.825+05:30","eventName":"n8n.node.started","message":"n8n.node.started","payload":{"workflowId":"2Yn2cUTn5kHz1TwR","workflowName":"1 - Ingest","executionId":"52","nodeType":"n8n-nodes-base.httpRequest","nodeName":"Claim Clip","nodeId":"dffdb19b-7427-4b9e-8dc7-9d60569cb8c1"}}
{"__type":"$$EventMessageConfirm","confirm":"e3991f98-f76d-402c-a585-79d2e600f21c","ts":"2026-06-28T13:46:42.825+05:30","source":{"id":"0","name":"eventBus"}}
{"__type":"$$EventMessageNode","id":"1906a4ba-25bd-4aba-89ae-60f6010badfd","ts":"2026-06-28T13:46:42.849+05:30","eventName":"n8n.node.finished","message":"n8n.node.finished","payload":{"workflowId":"2Yn2cUTn5kHz1TwR","workflowName":"1 - Ingest","executionId":"52","nodeType":"n8n-nodes-base.httpRequest","nodeName":"Claim Clip","nodeId":"dffdb19b-7427-4b9e-8dc7-9d60569cb8c1"}}
{"__type":"$$EventMessageConfirm","confirm":"1906a4ba-25bd-4aba-89ae-60f6010badfd","ts":"2026-06-28T13:46:42.849+05:30","source":{"id":"0","name":"eventBus"}}
{"__type":"$$EventMessageNode","id":"73a86f35-47bf-4008-a6b7-e9db1727dab3","ts":"2026-06-28T13:46:42.849+05:30","eventName":"n8n.node.started","message":"n8n.node.started","payload":{"workflowId":"2Yn2cUTn5kHz1TwR","workflowName":"1 - Ingest","executionId":"52","nodeType":"n8n-nodes-base.if","nodeName":"Got a clip?","nodeId":"c3685f1f-9c4e-46ca-9232-372a4643a949"}}
{"__type":"$$EventMessageConfirm","confirm":"73a86f35-47bf-4008-a6b7-e9db1727dab3","ts":"2026-06-28T13:46:42.849+05:30","source":{"id":"0","name":"eventBus"}}
{"__type":"$$EventMessageNode","id":"5486939e-cc85-4498-a4e8-124207f6a84f","ts":"2026-06-28T13:46:42.864+05:30","eventName":"n8n.node.finished","message":"n8n.node.finished","payload":{"workflowId":"2Yn2cUTn5kHz1TwR","workflowName":"1 - Ingest","executionId":"52","nodeType":"n8n-nodes-base.if","nodeName":"Got a clip?","nodeId":"c3685f1f-9c4e-46ca-9232-372a4643a949"}}
{"__type":"$$EventMessageConfirm","confirm":"5486939e-cc85-4498-a4e8-124207f6a84f","ts":"2026-06-28T13:46:42.864+05:30","source":{"id":"0","name":"eventBus"}}
{"__type":"$$EventMessageNode","id":"179be7d8-e4d0-47bf-9a8d-0bc62e8b724a","ts":"2026-06-28T13:46:42.864+05:30","eventName":"n8n.node.started","message":"n8n.node.started","payload":{"workflowId":"2Yn2cUTn5kHz1TwR","workflowName":"1 - Ingest","executionId":"52","nodeType":"n8n-nodes-base.httpRequest","nodeName":"Probe","nodeId":"0a7641df-3f5c-49c5-bd04-79a99bf62ed7"}}
{"__type":"$$EventMessageConfirm","confirm":"179be7d8-e4d0-47bf-9a8d-0bc62e8b724a","ts":"2026-06-28T13:46:42.864+05:30","source":{"id":"0","name":"eventBus"}}
{"__type":"$$EventMessageNode","id":"a2272483-298f-46d5-8e99-1ae6240dee7a","ts":"2026-06-28T13:46:43.162+05:30","eventName":"n8n.node.finished","message":"n8n.node.finished","payload":{"workflowId":"2Yn2cUTn5kHz1TwR","workflowName":"1 - Ingest","executionId":"52","nodeType":"n8n-nodes-base.httpRequest","nodeName":"Probe","nodeId":"0a7641df-3f5c-49c5-bd04-79a99bf62ed7"}}
{"__type":"$$EventMessageConfirm","confirm":"a2272483-298f-46d5-8e99-1ae6240dee7a","ts":"2026-06-28T13:46:43.162+05:30","source":{"id":"0","name":"eventBus"}}
{"__type":"$$EventMessageNode","id":"933a639e-f8c0-41ec-8f5d-4f320ebc059a","ts":"2026-06-28T13:46:43.162+05:30","eventName":"n8n.node.started","message":"n8n.node.started","payload":{"workflowId":"2Yn2cUTn5kHz1TwR","workflowName":"1 - Ingest","executionId":"52","nodeType":"n8n-nodes-base.set","nodeName":"Job Info","nodeId":"c6ead296-6dcf-4bc0-9621-26be44e3cf39"}}
{"__type":"$$EventMessageConfirm","confirm":"933a639e-f8c0-41ec-8f5d-4f320ebc059a","ts":"2026-06-28T13:46:43.162+05:30","source":{"id":"0","name":"eventBus"}}
{"__type":"$$EventMessageNode","id":"bbda9b23-8a7c-494d-9b9c-3f85cacd86db","ts":"2026-06-28T13:46:43.182+05:30","eventName":"n8n.node.finished","message":"n8n.node.finished","payload":{"workflowId":"2Yn2cUTn5kHz1TwR","workflowName":"1 - Ingest","executionId":"52","nodeType":"n8n-nodes-base.set","nodeName":"Job Info","nodeId":"c6ead296-6dcf-4bc0-9621-26be44e3cf39"}}
{"__type":"$$EventMessageConfirm","confirm":"bbda9b23-8a7c-494d-9b9c-3f85cacd86db","ts":"2026-06-28T13:46:43.182+05:30","source":{"id":"0","name":"eventBus"}}
{"__type":"$$EventMessageNode","id":"9327bd6f-ecbc-434b-9600-40f24cfc838a","ts":"2026-06-28T13:46:43.182+05:30","eventName":"n8n.node.started","message":"n8n.node.started","payload":{"workflowId":"2Yn2cUTn5kHz1TwR","workflowName":"1 - Ingest","executionId":"52","nodeType":"n8n-nodes-base.httpRequest","nodeName":"Find Best Moments","nodeId":"a1396e57-fe60-4e02-9e61-83b3311dc363"}}
{"__type":"$$EventMessageConfirm","confirm":"9327bd6f-ecbc-434b-9600-40f24cfc838a","ts":"2026-06-28T13:46:43.182+05:30","source":{"id":"0","name":"eventBus"}}
{"__type":"$$EventMessageNode","id":"5900a146-6a59-4b12-9a1d-3bfe4fb6f0fa","ts":"2026-06-28T13:55:23.065+05:30","eventName":"n8n.node.finished","message":"n8n.node.finished","payload":{"workflowId":"2Yn2cUTn5kHz1TwR","workflowName":"1 - Ingest","executionId":"52","nodeType":"n8n-nodes-base.httpRequest","nodeName":"Find Best Moments","nodeId":"a1396e57-fe60-4e02-9e61-83b3311dc363"}}
{"__type":"$$EventMessageConfirm","confirm":"5900a146-6a59-4b12-9a1d-3bfe4fb6f0fa","ts":"2026-06-28T13:55:23.070+05:30","source":{"id":"0","name":"eventBus"}}
{"__type":"$$EventMessageNode","id":"455ce439-e141-4f24-9ddc-024e373765f6","ts":"2026-06-28T13:55:23.077+05:30","eventName":"n8n.node.started","message":"n8n.node.started","payload":{"workflowId":"2Yn2cUTn5kHz1TwR","workflowName":"1 - Ingest","executionId":"52","nodeType":"n8n-nodes-base.code","nodeName":"Pick Best","nodeId":"e8d17356-4a27-410f-b0b4-e32e900ccbe9"}}
{"__type":"$$EventMessageConfirm","confirm":"455ce439-e141-4f24-9ddc-024e373765f6","ts":"2026-06-28T13:55:23.077+05:30","source":{"id":"0","name":"eventBus"}}
{"__type":"$$EventMessageRunner","id":"541ba3da-4b9d-4b16-a2f1-09207eb16967","ts":"2026-06-28T13:55:23.110+05:30","eventName":"n8n.runner.task.requested","message":"n8n.runner.task.requested","payload":{"taskId":"evcQu4kT","nodeId":"e8d17356-4a27-410f-b0b4-e32e900ccbe9","workflowId":"2Yn2cUTn5kHz1TwR","executionId":"52"}}
{"__type":"$$EventMessageConfirm","confirm":"541ba3da-4b9d-4b16-a2f1-09207eb16967","ts":"2026-06-28T13:55:23.110+05:30","source":{"id":"0","name":"eventBus"}}
{"__type":"$$EventMessageRunner","id":"57ffb948-0e9a-4d3d-ad3c-26c12ab0d860","ts":"2026-06-28T13:55:23.261+05:30","eventName":"n8n.runner.response.received","message":"n8n.runner.response.received","payload":{"taskId":"evcQu4kT","nodeId":"e8d17356-4a27-410f-b0b4-e32e900ccbe9","workflowId":"2Yn2cUTn5kHz1TwR","executionId":"52"}}
{"__type":"$$EventMessageConfirm","confirm":"57ffb948-0e9a-4d3d-ad3c-26c12ab0d860","ts":"2026-06-28T13:55:23.261+05:30","source":{"id":"0","name":"eventBus"}}
{"__type":"$$EventMessageNode","id":"10380f57-ae11-432b-bf5b-78032c2e737b","ts":"2026-06-28T13:55:23.264+05:30","eventName":"n8n.node.finished","message":"n8n.node.finished","payload":{"workflowId":"2Yn2cUTn5kHz1TwR","workflowName":"1 - Ingest","executionId":"52","nodeType":"n8n-nodes-base.code","nodeName":"Pick Best","nodeId":"e8d17356-4a27-410f-b0b4-e32e900ccbe9"}}
{"__type":"$$EventMessageConfirm","confirm":"10380f57-ae11-432b-bf5b-78032c2e737b","ts":"2026-06-28T13:55:23.264+05:30","source":{"id":"0","name":"eventBus"}}
{"__type":"$$EventMessageNode","id":"eca03d7d-75a4-4bf2-ac50-13115a504c5b","ts":"2026-06-28T13:55:23.265+05:30","eventName":"n8n.node.started","message":"n8n.node.started","payload":{"workflowId":"2Yn2cUTn5kHz1TwR","workflowName":"1 - Ingest","executionId":"52","nodeType":"n8n-nodes-base.httpRequest","nodeName":"Render Clips","nodeId":"bf715d8d-73d3-4f75-8b3c-ded41b5cabe2"}}
{"__type":"$$EventMessageConfirm","confirm":"eca03d7d-75a4-4bf2-ac50-13115a504c5b","ts":"2026-06-28T13:55:23.265+05:30","source":{"id":"0","name":"eventBus"}}
{"__type":"$$EventMessageNode","id":"e92f833b-ce72-4d69-a1db-199edd37a65b","ts":"2026-06-28T13:55:39.323+05:30","eventName":"n8n.node.finished","message":"n8n.node.finished","payload":{"workflowId":"2Yn2cUTn5kHz1TwR","workflowName":"1 - Ingest","executionId":"52","nodeType":"n8n-nodes-base.httpRequest","nodeName":"Render Clips","nodeId":"bf715d8d-73d3-4f75-8b3c-ded41b5cabe2"}}
{"__type":"$$EventMessageConfirm","confirm":"e92f833b-ce72-4d69-a1db-199edd37a65b","ts":"2026-06-28T13:55:39.323+05:30","source":{"id":"0","name":"eventBus"}}
{"__type":"$$EventMessageWorkflow","id":"2dce51cd-041b-428d-a648-92d7ef7e3c24","ts":"2026-06-28T13:55:39.348+05:30","eventName":"n8n.workflow.success","message":"n8n.workflow.success","payload":{"userId":"08b17f02-b46c-4051-b17f-7819dfec7217","executionId":"52","success":true,"isManual":true,"mode":"manual","workflowId":"2Yn2cUTn5kHz1TwR","workflowName":"1 - Ingest","projectId":"0vysnRUpMYPI6Xcr","projectName":"Himanshu Chauhan <hichauhan.in@gmail.com>"}}
{"__type":"$$EventMessageConfirm","confirm":"2dce51cd-041b-428d-a648-92d7ef7e3c24","ts":"2026-06-28T13:55:39.348+05:30","source":{"id":"0","name":"eventBus"}}
