{"__type":"$$EventMessageAudit","id":"79ac6609-0089-42e1-9be0-87baae14940a","ts":"2026-06-28T11:45:48.803+05:30","eventName":"n8n.audit.workflow.updated","message":"n8n.audit.workflow.updated","payload":{"userId":"08b17f02-b46c-4051-b17f-7819dfec7217","_email":"hichauhan.in@gmail.com","_firstName":"Himanshu","_lastName":"Chauhan","globalRole":"global:owner","workflowId":"2Yn2cUTn5kHz1TwR","workflowName":"1 - Ingest"}}
{"__type":"$$EventMessageConfirm","confirm":"79ac6609-0089-42e1-9be0-87baae14940a","ts":"2026-06-28T11:45:48.803+05:30","source":{"id":"0","name":"eventBus"}}
{"__type":"$$EventMessageAudit","id":"f7886093-45ce-4657-836a-ca4db023b372","ts":"2026-06-28T11:45:50.952+05:30","eventName":"n8n.audit.workflow.executed","message":"n8n.audit.workflow.executed","payload":{"userId":"08b17f02-b46c-4051-b17f-7819dfec7217","_email":"hichauhan.in@gmail.com","_firstName":"Himanshu","_lastName":"Chauhan","globalRole":"global:owner","workflowId":"2Yn2cUTn5kHz1TwR","workflowName":"1 - Ingest","executionId":"50","source":"user-manual"}}
{"__type":"$$EventMessageConfirm","confirm":"f7886093-45ce-4657-836a-ca4db023b372","ts":"2026-06-28T11:45:50.952+05:30","source":{"id":"0","name":"eventBus"}}
{"__type":"$$EventMessageWorkflow","id":"474d8158-4543-4dcb-bf64-948d85daa316","ts":"2026-06-28T11:45:50.955+05:30","eventName":"n8n.workflow.started","message":"n8n.workflow.started","payload":{"executionId":"50","workflowId":"2Yn2cUTn5kHz1TwR","isManual":false,"mode":"manual","workflowName":"1 - Ingest","projectId":"0vysnRUpMYPI6Xcr","projectName":"Himanshu Chauhan <hichauhan.in@gmail.com>"}}
{"__type":"$$EventMessageConfirm","confirm":"474d8158-4543-4dcb-bf64-948d85daa316","ts":"2026-06-28T11:45:50.955+05:30","source":{"id":"0","name":"eventBus"}}
{"__type":"$$EventMessageNode","id":"0d234b4e-1cd9-49bf-b442-5423e48c584e","ts":"2026-06-28T11:45:50.959+05:30","eventName":"n8n.node.started","message":"n8n.node.started","payload":{"workflowId":"2Yn2cUTn5kHz1TwR","workflowName":"1 - Ingest","executionId":"50","nodeType":"n8n-nodes-base.manualTrigger","nodeName":"Manual Start","nodeId":"5e6aaec7-c389-4d53-90fd-dd561a5b0366"}}
{"__type":"$$EventMessageConfirm","confirm":"0d234b4e-1cd9-49bf-b442-5423e48c584e","ts":"2026-06-28T11:45:50.959+05:30","source":{"id":"0","name":"eventBus"}}
{"__type":"$$EventMessageNode","id":"b9d34034-48e6-4bd6-828c-cfe836981ec7","ts":"2026-06-28T11:45:50.960+05:30","eventName":"n8n.node.finished","message":"n8n.node.finished","payload":{"workflowId":"2Yn2cUTn5kHz1TwR","workflowName":"1 - Ingest","executionId":"50","nodeType":"n8n-nodes-base.manualTrigger","nodeName":"Manual Start","nodeId":"5e6aaec7-c389-4d53-90fd-dd561a5b0366"}}
{"__type":"$$EventMessageConfirm","confirm":"b9d34034-48e6-4bd6-828c-cfe836981ec7","ts":"2026-06-28T11:45:50.960+05:30","source":{"id":"0","name":"eventBus"}}
{"__type":"$$EventMessageNode","id":"a00f3550-d2a5-4969-b23b-f80304c8a82d","ts":"2026-06-28T11:45:50.961+05:30","eventName":"n8n.node.started","message":"n8n.node.started","payload":{"workflowId":"2Yn2cUTn5kHz1TwR","workflowName":"1 - Ingest","executionId":"50","nodeType":"n8n-nodes-base.httpRequest","nodeName":"Claim Clip","nodeId":"dffdb19b-7427-4b9e-8dc7-9d60569cb8c1"}}
{"__type":"$$EventMessageConfirm","confirm":"a00f3550-d2a5-4969-b23b-f80304c8a82d","ts":"2026-06-28T11:45:50.961+05:30","source":{"id":"0","name":"eventBus"}}
{"__type":"$$EventMessageNode","id":"e9b08dd3-6170-4082-9a44-7ea18af0fb79","ts":"2026-06-28T11:45:50.989+05:30","eventName":"n8n.node.finished","message":"n8n.node.finished","payload":{"workflowId":"2Yn2cUTn5kHz1TwR","workflowName":"1 - Ingest","executionId":"50","nodeType":"n8n-nodes-base.httpRequest","nodeName":"Claim Clip","nodeId":"dffdb19b-7427-4b9e-8dc7-9d60569cb8c1"}}
{"__type":"$$EventMessageConfirm","confirm":"e9b08dd3-6170-4082-9a44-7ea18af0fb79","ts":"2026-06-28T11:45:50.989+05:30","source":{"id":"0","name":"eventBus"}}
{"__type":"$$EventMessageNode","id":"fec40db9-91e8-44bb-90e5-844da29d1744","ts":"2026-06-28T11:45:50.989+05:30","eventName":"n8n.node.started","message":"n8n.node.started","payload":{"workflowId":"2Yn2cUTn5kHz1TwR","workflowName":"1 - Ingest","executionId":"50","nodeType":"n8n-nodes-base.if","nodeName":"Got a clip?","nodeId":"c3685f1f-9c4e-46ca-9232-372a4643a949"}}
{"__type":"$$EventMessageConfirm","confirm":"fec40db9-91e8-44bb-90e5-844da29d1744","ts":"2026-06-28T11:45:50.989+05:30","source":{"id":"0","name":"eventBus"}}
{"__type":"$$EventMessageNode","id":"bb711f18-ca41-43dd-9be2-0dc7242f2720","ts":"2026-06-28T11:45:51.003+05:30","eventName":"n8n.node.finished","message":"n8n.node.finished","payload":{"workflowId":"2Yn2cUTn5kHz1TwR","workflowName":"1 - Ingest","executionId":"50","nodeType":"n8n-nodes-base.if","nodeName":"Got a clip?","nodeId":"c3685f1f-9c4e-46ca-9232-372a4643a949"}}
{"__type":"$$EventMessageConfirm","confirm":"bb711f18-ca41-43dd-9be2-0dc7242f2720","ts":"2026-06-28T11:45:51.003+05:30","source":{"id":"0","name":"eventBus"}}
{"__type":"$$EventMessageNode","id":"e17878d0-0dac-4bb6-ad4f-4c8b1c3aecf1","ts":"2026-06-28T11:45:51.004+05:30","eventName":"n8n.node.started","message":"n8n.node.started","payload":{"workflowId":"2Yn2cUTn5kHz1TwR","workflowName":"1 - Ingest","executionId":"50","nodeType":"n8n-nodes-base.httpRequest","nodeName":"Probe","nodeId":"0a7641df-3f5c-49c5-bd04-79a99bf62ed7"}}
{"__type":"$$EventMessageConfirm","confirm":"e17878d0-0dac-4bb6-ad4f-4c8b1c3aecf1","ts":"2026-06-28T11:45:51.004+05:30","source":{"id":"0","name":"eventBus"}}
{"__type":"$$EventMessageNode","id":"135307fa-049e-40a2-b1ea-d8363815f99e","ts":"2026-06-28T11:45:51.291+05:30","eventName":"n8n.node.finished","message":"n8n.node.finished","payload":{"workflowId":"2Yn2cUTn5kHz1TwR","workflowName":"1 - Ingest","executionId":"50","nodeType":"n8n-nodes-base.httpRequest","nodeName":"Probe","nodeId":"0a7641df-3f5c-49c5-bd04-79a99bf62ed7"}}
{"__type":"$$EventMessageConfirm","confirm":"135307fa-049e-40a2-b1ea-d8363815f99e","ts":"2026-06-28T11:45:51.291+05:30","source":{"id":"0","name":"eventBus"}}
{"__type":"$$EventMessageNode","id":"4d51f3b5-352f-470c-929f-6fdcbabb1880","ts":"2026-06-28T11:45:51.291+05:30","eventName":"n8n.node.started","message":"n8n.node.started","payload":{"workflowId":"2Yn2cUTn5kHz1TwR","workflowName":"1 - Ingest","executionId":"50","nodeType":"n8n-nodes-base.set","nodeName":"Job Info","nodeId":"c6ead296-6dcf-4bc0-9621-26be44e3cf39"}}
{"__type":"$$EventMessageConfirm","confirm":"4d51f3b5-352f-470c-929f-6fdcbabb1880","ts":"2026-06-28T11:45:51.291+05:30","source":{"id":"0","name":"eventBus"}}
{"__type":"$$EventMessageNode","id":"923ef38b-3d43-4ff2-8324-10985dc8c1d8","ts":"2026-06-28T11:45:51.310+05:30","eventName":"n8n.node.finished","message":"n8n.node.finished","payload":{"workflowId":"2Yn2cUTn5kHz1TwR","workflowName":"1 - Ingest","executionId":"50","nodeType":"n8n-nodes-base.set","nodeName":"Job Info","nodeId":"c6ead296-6dcf-4bc0-9621-26be44e3cf39"}}
{"__type":"$$EventMessageConfirm","confirm":"923ef38b-3d43-4ff2-8324-10985dc8c1d8","ts":"2026-06-28T11:45:51.310+05:30","source":{"id":"0","name":"eventBus"}}
{"__type":"$$EventMessageNode","id":"12cd5ee9-6353-44ee-9015-647f0d286c3c","ts":"2026-06-28T11:45:51.310+05:30","eventName":"n8n.node.started","message":"n8n.node.started","payload":{"workflowId":"2Yn2cUTn5kHz1TwR","workflowName":"1 - Ingest","executionId":"50","nodeType":"n8n-nodes-base.httpRequest","nodeName":"Find Best Moments","nodeId":"a1396e57-fe60-4e02-9e61-83b3311dc363"}}
{"__type":"$$EventMessageConfirm","confirm":"12cd5ee9-6353-44ee-9015-647f0d286c3c","ts":"2026-06-28T11:45:51.310+05:30","source":{"id":"0","name":"eventBus"}}
{"__type":"$$EventMessageNode","id":"27262deb-6710-41e0-b04e-6cd58c424c9d","ts":"2026-06-28T11:50:20.826+05:30","eventName":"n8n.node.finished","message":"n8n.node.finished","payload":{"workflowId":"2Yn2cUTn5kHz1TwR","workflowName":"1 - Ingest","executionId":"50","nodeType":"n8n-nodes-base.httpRequest","nodeName":"Find Best Moments","nodeId":"a1396e57-fe60-4e02-9e61-83b3311dc363"}}
{"__type":"$$EventMessageConfirm","confirm":"27262deb-6710-41e0-b04e-6cd58c424c9d","ts":"2026-06-28T11:50:20.826+05:30","source":{"id":"0","name":"eventBus"}}
{"__type":"$$EventMessageNode","id":"b6a62492-f114-4544-847c-2ac1314a23d5","ts":"2026-06-28T11:50:20.827+05:30","eventName":"n8n.node.started","message":"n8n.node.started","payload":{"workflowId":"2Yn2cUTn5kHz1TwR","workflowName":"1 - Ingest","executionId":"50","nodeType":"n8n-nodes-base.code","nodeName":"Pick Best","nodeId":"e8d17356-4a27-410f-b0b4-e32e900ccbe9"}}
{"__type":"$$EventMessageConfirm","confirm":"b6a62492-f114-4544-847c-2ac1314a23d5","ts":"2026-06-28T11:50:20.827+05:30","source":{"id":"0","name":"eventBus"}}
{"__type":"$$EventMessageRunner","id":"485286a4-7c1b-4c19-8e1e-cc05465e6114","ts":"2026-06-28T11:50:20.830+05:30","eventName":"n8n.runner.task.requested","message":"n8n.runner.task.requested","payload":{"taskId":"4ngNiS-G","nodeId":"e8d17356-4a27-410f-b0b4-e32e900ccbe9","workflowId":"2Yn2cUTn5kHz1TwR","executionId":"50"}}
{"__type":"$$EventMessageConfirm","confirm":"485286a4-7c1b-4c19-8e1e-cc05465e6114","ts":"2026-06-28T11:50:20.830+05:30","source":{"id":"0","name":"eventBus"}}
{"__type":"$$EventMessageRunner","id":"ee76b6e5-3d13-4bca-adfe-bccdb99f32c5","ts":"2026-06-28T11:50:20.871+05:30","eventName":"n8n.runner.response.received","message":"n8n.runner.response.received","payload":{"taskId":"4ngNiS-G","nodeId":"e8d17356-4a27-410f-b0b4-e32e900ccbe9","workflowId":"2Yn2cUTn5kHz1TwR","executionId":"50"}}
{"__type":"$$EventMessageConfirm","confirm":"ee76b6e5-3d13-4bca-adfe-bccdb99f32c5","ts":"2026-06-28T11:50:20.871+05:30","source":{"id":"0","name":"eventBus"}}
{"__type":"$$EventMessageNode","id":"ba7af701-9638-4160-88af-8d6adf4cad71","ts":"2026-06-28T11:50:20.872+05:30","eventName":"n8n.node.finished","message":"n8n.node.finished","payload":{"workflowId":"2Yn2cUTn5kHz1TwR","workflowName":"1 - Ingest","executionId":"50","nodeType":"n8n-nodes-base.code","nodeName":"Pick Best","nodeId":"e8d17356-4a27-410f-b0b4-e32e900ccbe9"}}
{"__type":"$$EventMessageConfirm","confirm":"ba7af701-9638-4160-88af-8d6adf4cad71","ts":"2026-06-28T11:50:20.872+05:30","source":{"id":"0","name":"eventBus"}}
{"__type":"$$EventMessageNode","id":"113634e4-7642-4835-a876-fadef6eb9877","ts":"2026-06-28T11:50:20.872+05:30","eventName":"n8n.node.started","message":"n8n.node.started","payload":{"workflowId":"2Yn2cUTn5kHz1TwR","workflowName":"1 - Ingest","executionId":"50","nodeType":"n8n-nodes-base.httpRequest","nodeName":"Render Clips","nodeId":"bf715d8d-73d3-4f75-8b3c-ded41b5cabe2"}}
{"__type":"$$EventMessageConfirm","confirm":"113634e4-7642-4835-a876-fadef6eb9877","ts":"2026-06-28T11:50:20.872+05:30","source":{"id":"0","name":"eventBus"}}
{"__type":"$$EventMessageNode","id":"b9994751-e925-4a81-be92-91bd34e16cfa","ts":"2026-06-28T11:50:44.878+05:30","eventName":"n8n.node.finished","message":"n8n.node.finished","payload":{"workflowId":"2Yn2cUTn5kHz1TwR","workflowName":"1 - Ingest","executionId":"50","nodeType":"n8n-nodes-base.httpRequest","nodeName":"Render Clips","nodeId":"bf715d8d-73d3-4f75-8b3c-ded41b5cabe2"}}
{"__type":"$$EventMessageConfirm","confirm":"b9994751-e925-4a81-be92-91bd34e16cfa","ts":"2026-06-28T11:50:44.879+05:30","source":{"id":"0","name":"eventBus"}}
{"__type":"$$EventMessageWorkflow","id":"c65b8f93-07d7-47d7-bd38-2dc6714f4ca0","ts":"2026-06-28T11:50:44.882+05:30","eventName":"n8n.workflow.success","message":"n8n.workflow.success","payload":{"userId":"08b17f02-b46c-4051-b17f-7819dfec7217","executionId":"50","success":true,"isManual":true,"mode":"manual","workflowId":"2Yn2cUTn5kHz1TwR","workflowName":"1 - Ingest","projectId":"0vysnRUpMYPI6Xcr","projectName":"Himanshu Chauhan <hichauhan.in@gmail.com>"}}
{"__type":"$$EventMessageConfirm","confirm":"c65b8f93-07d7-47d7-bd38-2dc6714f4ca0","ts":"2026-06-28T11:50:44.883+05:30","source":{"id":"0","name":"eventBus"}}
{"__type":"$$EventMessageAudit","id":"9be8579c-ef95-4635-ac8b-dfa10376a55e","ts":"2026-06-28T11:56:18.017+05:30","eventName":"n8n.audit.workflow.executed","message":"n8n.audit.workflow.executed","payload":{"userId":"08b17f02-b46c-4051-b17f-7819dfec7217","_email":"hichauhan.in@gmail.com","_firstName":"Himanshu","_lastName":"Chauhan","globalRole":"global:owner","workflowId":"2Yn2cUTn5kHz1TwR","workflowName":"1 - Ingest","executionId":"51","source":"user-manual"}}
{"__type":"$$EventMessageConfirm","confirm":"9be8579c-ef95-4635-ac8b-dfa10376a55e","ts":"2026-06-28T11:56:18.017+05:30","source":{"id":"0","name":"eventBus"}}
{"__type":"$$EventMessageWorkflow","id":"2b077dab-f204-4ccb-bea5-1d2b97bef20b","ts":"2026-06-28T11:56:18.018+05:30","eventName":"n8n.workflow.started","message":"n8n.workflow.started","payload":{"executionId":"51","workflowId":"2Yn2cUTn5kHz1TwR","isManual":false,"mode":"manual","workflowName":"1 - Ingest","projectId":"0vysnRUpMYPI6Xcr","projectName":"Himanshu Chauhan <hichauhan.in@gmail.com>"}}
{"__type":"$$EventMessageConfirm","confirm":"2b077dab-f204-4ccb-bea5-1d2b97bef20b","ts":"2026-06-28T11:56:18.018+05:30","source":{"id":"0","name":"eventBus"}}
{"__type":"$$EventMessageNode","id":"5029b349-84e0-41ce-950b-e691fa1f5b63","ts":"2026-06-28T11:56:18.043+05:30","eventName":"n8n.node.started","message":"n8n.node.started","payload":{"workflowId":"2Yn2cUTn5kHz1TwR","workflowName":"1 - Ingest","executionId":"51","nodeType":"n8n-nodes-base.manualTrigger","nodeName":"Manual Start","nodeId":"5e6aaec7-c389-4d53-90fd-dd561a5b0366"}}
{"__type":"$$EventMessageConfirm","confirm":"5029b349-84e0-41ce-950b-e691fa1f5b63","ts":"2026-06-28T11:56:18.044+05:30","source":{"id":"0","name":"eventBus"}}
{"__type":"$$EventMessageNode","id":"a2767662-469b-4b88-a87c-e312184d1698","ts":"2026-06-28T11:56:18.045+05:30","eventName":"n8n.node.finished","message":"n8n.node.finished","payload":{"workflowId":"2Yn2cUTn5kHz1TwR","workflowName":"1 - Ingest","executionId":"51","nodeType":"n8n-nodes-base.manualTrigger","nodeName":"Manual Start","nodeId":"5e6aaec7-c389-4d53-90fd-dd561a5b0366"}}
{"__type":"$$EventMessageConfirm","confirm":"a2767662-469b-4b88-a87c-e312184d1698","ts":"2026-06-28T11:56:18.045+05:30","source":{"id":"0","name":"eventBus"}}
{"__type":"$$EventMessageNode","id":"aee40447-df35-43e8-a35d-b79b169886fa","ts":"2026-06-28T11:56:18.046+05:30","eventName":"n8n.node.started","message":"n8n.node.started","payload":{"workflowId":"2Yn2cUTn5kHz1TwR","workflowName":"1 - Ingest","executionId":"51","nodeType":"n8n-nodes-base.httpRequest","nodeName":"Claim Clip","nodeId":"dffdb19b-7427-4b9e-8dc7-9d60569cb8c1"}}
{"__type":"$$EventMessageConfirm","confirm":"aee40447-df35-43e8-a35d-b79b169886fa","ts":"2026-06-28T11:56:18.046+05:30","source":{"id":"0","name":"eventBus"}}
{"__type":"$$EventMessageNode","id":"ecceecd0-8283-4112-b592-a46f4a2a2eab","ts":"2026-06-28T11:56:18.058+05:30","eventName":"n8n.node.finished","message":"n8n.node.finished","payload":{"workflowId":"2Yn2cUTn5kHz1TwR","workflowName":"1 - Ingest","executionId":"51","nodeType":"n8n-nodes-base.httpRequest","nodeName":"Claim Clip","nodeId":"dffdb19b-7427-4b9e-8dc7-9d60569cb8c1"}}
{"__type":"$$EventMessageConfirm","confirm":"ecceecd0-8283-4112-b592-a46f4a2a2eab","ts":"2026-06-28T11:56:18.058+05:30","source":{"id":"0","name":"eventBus"}}
{"__type":"$$EventMessageNode","id":"2452b6d4-43ea-409a-94af-b4c93866257d","ts":"2026-06-28T11:56:18.058+05:30","eventName":"n8n.node.started","message":"n8n.node.started","payload":{"workflowId":"2Yn2cUTn5kHz1TwR","workflowName":"1 - Ingest","executionId":"51","nodeType":"n8n-nodes-base.if","nodeName":"Got a clip?","nodeId":"c3685f1f-9c4e-46ca-9232-372a4643a949"}}
{"__type":"$$EventMessageConfirm","confirm":"2452b6d4-43ea-409a-94af-b4c93866257d","ts":"2026-06-28T11:56:18.058+05:30","source":{"id":"0","name":"eventBus"}}
{"__type":"$$EventMessageNode","id":"6390bce7-88ed-44b5-a805-179674e2d379","ts":"2026-06-28T11:56:18.059+05:30","eventName":"n8n.node.finished","message":"n8n.node.finished","payload":{"workflowId":"2Yn2cUTn5kHz1TwR","workflowName":"1 - Ingest","executionId":"51","nodeType":"n8n-nodes-base.if","nodeName":"Got a clip?","nodeId":"c3685f1f-9c4e-46ca-9232-372a4643a949"}}
{"__type":"$$EventMessageConfirm","confirm":"6390bce7-88ed-44b5-a805-179674e2d379","ts":"2026-06-28T11:56:18.059+05:30","source":{"id":"0","name":"eventBus"}}
{"__type":"$$EventMessageNode","id":"eefb0d62-0930-40dc-8725-e743505997f2","ts":"2026-06-28T11:56:18.059+05:30","eventName":"n8n.node.started","message":"n8n.node.started","payload":{"workflowId":"2Yn2cUTn5kHz1TwR","workflowName":"1 - Ingest","executionId":"51","nodeType":"n8n-nodes-base.httpRequest","nodeName":"Probe","nodeId":"0a7641df-3f5c-49c5-bd04-79a99bf62ed7"}}
{"__type":"$$EventMessageConfirm","confirm":"eefb0d62-0930-40dc-8725-e743505997f2","ts":"2026-06-28T11:56:18.059+05:30","source":{"id":"0","name":"eventBus"}}
{"__type":"$$EventMessageNode","id":"5f0b22b0-9f2a-4aa5-b93b-891aa5f2809d","ts":"2026-06-28T11:56:18.137+05:30","eventName":"n8n.node.finished","message":"n8n.node.finished","payload":{"workflowId":"2Yn2cUTn5kHz1TwR","workflowName":"1 - Ingest","executionId":"51","nodeType":"n8n-nodes-base.httpRequest","nodeName":"Probe","nodeId":"0a7641df-3f5c-49c5-bd04-79a99bf62ed7"}}
{"__type":"$$EventMessageConfirm","confirm":"5f0b22b0-9f2a-4aa5-b93b-891aa5f2809d","ts":"2026-06-28T11:56:18.138+05:30","source":{"id":"0","name":"eventBus"}}
{"__type":"$$EventMessageNode","id":"4d34e531-05f3-4b44-8550-dea2677052d9","ts":"2026-06-28T11:56:18.138+05:30","eventName":"n8n.node.started","message":"n8n.node.started","payload":{"workflowId":"2Yn2cUTn5kHz1TwR","workflowName":"1 - Ingest","executionId":"51","nodeType":"n8n-nodes-base.set","nodeName":"Job Info","nodeId":"c6ead296-6dcf-4bc0-9621-26be44e3cf39"}}
{"__type":"$$EventMessageConfirm","confirm":"4d34e531-05f3-4b44-8550-dea2677052d9","ts":"2026-06-28T11:56:18.138+05:30","source":{"id":"0","name":"eventBus"}}
{"__type":"$$EventMessageNode","id":"ac2dccb6-1a4f-44e0-ad65-ce0a6f470c09","ts":"2026-06-28T11:56:18.139+05:30","eventName":"n8n.node.finished","message":"n8n.node.finished","payload":{"workflowId":"2Yn2cUTn5kHz1TwR","workflowName":"1 - Ingest","executionId":"51","nodeType":"n8n-nodes-base.set","nodeName":"Job Info","nodeId":"c6ead296-6dcf-4bc0-9621-26be44e3cf39"}}
{"__type":"$$EventMessageConfirm","confirm":"ac2dccb6-1a4f-44e0-ad65-ce0a6f470c09","ts":"2026-06-28T11:56:18.139+05:30","source":{"id":"0","name":"eventBus"}}
{"__type":"$$EventMessageNode","id":"fb38e41a-3ea3-4868-9202-9bda651a2aa6","ts":"2026-06-28T11:56:18.140+05:30","eventName":"n8n.node.started","message":"n8n.node.started","payload":{"workflowId":"2Yn2cUTn5kHz1TwR","workflowName":"1 - Ingest","executionId":"51","nodeType":"n8n-nodes-base.httpRequest","nodeName":"Find Best Moments","nodeId":"a1396e57-fe60-4e02-9e61-83b3311dc363"}}
{"__type":"$$EventMessageConfirm","confirm":"fb38e41a-3ea3-4868-9202-9bda651a2aa6","ts":"2026-06-28T11:56:18.140+05:30","source":{"id":"0","name":"eventBus"}}
{"__type":"$$EventMessageNode","id":"8fd7f4db-8a74-468f-a03a-dfc40f233c20","ts":"2026-06-28T11:58:29.448+05:30","eventName":"n8n.node.finished","message":"n8n.node.finished","payload":{"workflowId":"2Yn2cUTn5kHz1TwR","workflowName":"1 - Ingest","executionId":"51","nodeType":"n8n-nodes-base.httpRequest","nodeName":"Find Best Moments","nodeId":"a1396e57-fe60-4e02-9e61-83b3311dc363"}}
{"__type":"$$EventMessageConfirm","confirm":"8fd7f4db-8a74-468f-a03a-dfc40f233c20","ts":"2026-06-28T11:58:29.449+05:30","source":{"id":"0","name":"eventBus"}}
{"__type":"$$EventMessageNode","id":"b417e53c-561b-4ea3-a7ff-094205644b6a","ts":"2026-06-28T11:58:29.450+05:30","eventName":"n8n.node.started","message":"n8n.node.started","payload":{"workflowId":"2Yn2cUTn5kHz1TwR","workflowName":"1 - Ingest","executionId":"51","nodeType":"n8n-nodes-base.code","nodeName":"Pick Best","nodeId":"e8d17356-4a27-410f-b0b4-e32e900ccbe9"}}
{"__type":"$$EventMessageConfirm","confirm":"b417e53c-561b-4ea3-a7ff-094205644b6a","ts":"2026-06-28T11:58:29.450+05:30","source":{"id":"0","name":"eventBus"}}
{"__type":"$$EventMessageRunner","id":"ff7f4fbd-adb6-46f0-9146-a243915b6dcf","ts":"2026-06-28T11:58:29.465+05:30","eventName":"n8n.runner.task.requested","message":"n8n.runner.task.requested","payload":{"taskId":"4BwdwXtg","nodeId":"e8d17356-4a27-410f-b0b4-e32e900ccbe9","workflowId":"2Yn2cUTn5kHz1TwR","executionId":"51"}}
{"__type":"$$EventMessageConfirm","confirm":"ff7f4fbd-adb6-46f0-9146-a243915b6dcf","ts":"2026-06-28T11:58:29.465+05:30","source":{"id":"0","name":"eventBus"}}
{"__type":"$$EventMessageRunner","id":"f476055c-e73e-403a-8d60-9bf395c5a87b","ts":"2026-06-28T11:58:29.481+05:30","eventName":"n8n.runner.response.received","message":"n8n.runner.response.received","payload":{"taskId":"4BwdwXtg","nodeId":"e8d17356-4a27-410f-b0b4-e32e900ccbe9","workflowId":"2Yn2cUTn5kHz1TwR","executionId":"51"}}
{"__type":"$$EventMessageConfirm","confirm":"f476055c-e73e-403a-8d60-9bf395c5a87b","ts":"2026-06-28T11:58:29.481+05:30","source":{"id":"0","name":"eventBus"}}
{"__type":"$$EventMessageNode","id":"1ed826f9-fc63-4a51-a1ff-79b6c668f4fa","ts":"2026-06-28T11:58:29.482+05:30","eventName":"n8n.node.finished","message":"n8n.node.finished","payload":{"workflowId":"2Yn2cUTn5kHz1TwR","workflowName":"1 - Ingest","executionId":"51","nodeType":"n8n-nodes-base.code","nodeName":"Pick Best","nodeId":"e8d17356-4a27-410f-b0b4-e32e900ccbe9"}}
{"__type":"$$EventMessageConfirm","confirm":"1ed826f9-fc63-4a51-a1ff-79b6c668f4fa","ts":"2026-06-28T11:58:29.482+05:30","source":{"id":"0","name":"eventBus"}}
{"__type":"$$EventMessageNode","id":"b7a7e9f7-fde8-4be0-9edc-6c126b4e2dd8","ts":"2026-06-28T11:58:29.482+05:30","eventName":"n8n.node.started","message":"n8n.node.started","payload":{"workflowId":"2Yn2cUTn5kHz1TwR","workflowName":"1 - Ingest","executionId":"51","nodeType":"n8n-nodes-base.httpRequest","nodeName":"Render Clips","nodeId":"bf715d8d-73d3-4f75-8b3c-ded41b5cabe2"}}
{"__type":"$$EventMessageConfirm","confirm":"b7a7e9f7-fde8-4be0-9edc-6c126b4e2dd8","ts":"2026-06-28T11:58:29.482+05:30","source":{"id":"0","name":"eventBus"}}
{"__type":"$$EventMessageNode","id":"68f73095-4214-401f-8a68-5724bb291c37","ts":"2026-06-28T11:58:31.576+05:30","eventName":"n8n.node.finished","message":"n8n.node.finished","payload":{"workflowId":"2Yn2cUTn5kHz1TwR","workflowName":"1 - Ingest","executionId":"51","nodeType":"n8n-nodes-base.httpRequest","nodeName":"Render Clips","nodeId":"bf715d8d-73d3-4f75-8b3c-ded41b5cabe2"}}
{"__type":"$$EventMessageConfirm","confirm":"68f73095-4214-401f-8a68-5724bb291c37","ts":"2026-06-28T11:58:31.576+05:30","source":{"id":"0","name":"eventBus"}}
{"__type":"$$EventMessageWorkflow","id":"1fa73ac3-59ad-42b6-b235-a425e7b954d9","ts":"2026-06-28T11:58:31.583+05:30","eventName":"n8n.workflow.success","message":"n8n.workflow.success","payload":{"userId":"08b17f02-b46c-4051-b17f-7819dfec7217","executionId":"51","success":true,"isManual":true,"mode":"manual","workflowId":"2Yn2cUTn5kHz1TwR","workflowName":"1 - Ingest","projectId":"0vysnRUpMYPI6Xcr","projectName":"Himanshu Chauhan <hichauhan.in@gmail.com>"}}
{"__type":"$$EventMessageConfirm","confirm":"1fa73ac3-59ad-42b6-b235-a425e7b954d9","ts":"2026-06-28T11:58:31.583+05:30","source":{"id":"0","name":"eventBus"}}
